This file contains any messages produced by compilers while
running configure, to aid debugging if configure makes a mistake.

It was created by configure, which was
generated by GNU Autoconf 2.65.  Invocation command line was

  $ configure 

## --------- ##
## Platform. ##
## --------- ##

hostname = xato
uname -m = x86_64
uname -r = 2.6.32-22-generic
uname -s = Linux
uname -v = #33-Ubuntu SMP Wed Apr 28 13:28:05 UTC 2010

/usr/bin/uname -p = unknown
/bin/uname -X     = unknown

/bin/arch              = unknown
/usr/bin/arch -k       = unknown
/usr/convex/getsysinfo = unknown
/usr/bin/hostinfo      = unknown
/bin/machine           = unknown
/usr/bin/oslevel       = unknown
/bin/universe          = unknown

PATH: /home/vsc/Yap/Prologs/pl-devel/bin
PATH: /home/vsc/bin
PATH: /usr/local/sbin
PATH: /usr/local/bin
PATH: /usr/sbin
PATH: /usr/bin
PATH: /sbin
PATH: /bin
PATH: /usr/games
PATH: /home/vsc/lgtsvn/xml
PATH: /home/vsc/lgtsvn/scripts
PATH: /home/vsc/lgtsvn/integration


## ----------- ##
## Core tests. ##
## ----------- ##

configure:2175: checking for gcc
configure:2202: result: ../../../swipl-ld.sh
configure:2431: checking for C compiler version
configure:2440: ../../../swipl-ld.sh --version >&5
gcc (Ubuntu 4.4.3-4ubuntu5) 4.4.3
Copyright (C) 2009 Free Software Foundation, Inc.
This is free software; see the source for copying conditions.  There is NO
warranty; not even for MERCHANTABILITY or FITNESS FOR A PARTICULAR PURPOSE.

configure:2451: $? = 0
configure:2440: ../../../swipl-ld.sh -v >&5
Using built-in specs.
Target: x86_64-linux-gnu
Configured with: ../src/configure -v --with-pkgversion='Ubuntu 4.4.3-4ubuntu5' --with-bugurl=file:///usr/share/doc/gcc-4.4/README.Bugs --enable-languages=c,c++,fortran,objc,obj-c++ --prefix=/usr --enable-shared --enable-multiarch --enable-linker-build-id --with-system-zlib --libexecdir=/usr/lib --without-included-gettext --enable-threads=posix --with-gxx-include-dir=/usr/include/c++/4.4 --program-suffix=-4.4 --enable-nls --enable-clocale=gnu --enable-libstdcxx-debug --enable-plugin --enable-objc-gc --disable-werror --with-arch-32=i486 --with-tune=generic --enable-checking=release --build=x86_64-linux-gnu --host=x86_64-linux-gnu --target=x86_64-linux-gnu
Thread model: posix
gcc version 4.4.3 (Ubuntu 4.4.3-4ubuntu5) 
configure:2451: $? = 0
configure:2440: ../../../swipl-ld.sh -V >&5
/usr/bin/ld: /usr/lib/debug/usr/lib/crt1.o(.debug_info): relocation 0 has invalid symbol index 11
/usr/bin/ld: /usr/lib/debug/usr/lib/crt1.o(.debug_info): relocation 1 has invalid symbol index 12
/usr/bin/ld: /usr/lib/debug/usr/lib/crt1.o(.debug_info): relocation 2 has invalid symbol index 2
/usr/bin/ld: /usr/lib/debug/usr/lib/crt1.o(.debug_info): relocation 3 has invalid symbol index 2
/usr/bin/ld: /usr/lib/debug/usr/lib/crt1.o(.debug_info): relocation 4 has invalid symbol index 11
/usr/bin/ld: /usr/lib/debug/usr/lib/crt1.o(.debug_info): relocation 5 has invalid symbol index 13
/usr/bin/ld: /usr/lib/debug/usr/lib/crt1.o(.debug_info): relocation 6 has invalid symbol index 13
/usr/bin/ld: /usr/lib/debug/usr/lib/crt1.o(.debug_info): relocation 7 has invalid symbol index 13
/usr/bin/ld: /usr/lib/debug/usr/lib/crt1.o(.debug_info): relocation 8 has invalid symbol index 2
/usr/bin/ld: /usr/lib/debug/usr/lib/crt1.o(.debug_info): relocation 9 has invalid symbol index 2
... rest of stderr output deleted ...
configure:2451: $? = 1
configure:2440: ../../../swipl-ld.sh -qversion >&5
/usr/bin/ld: /usr/lib/debug/usr/lib/crt1.o(.debug_info): relocation 0 has invalid symbol index 11
/usr/bin/ld: /usr/lib/debug/usr/lib/crt1.o(.debug_info): relocation 1 has invalid symbol index 12
/usr/bin/ld: /usr/lib/debug/usr/lib/crt1.o(.debug_info): relocation 2 has invalid symbol index 2
/usr/bin/ld: /usr/lib/debug/usr/lib/crt1.o(.debug_info): relocation 3 has invalid symbol index 2
/usr/bin/ld: /usr/lib/debug/usr/lib/crt1.o(.debug_info): relocation 4 has invalid symbol index 11
/usr/bin/ld: /usr/lib/debug/usr/lib/crt1.o(.debug_info): relocation 5 has invalid symbol index 13
/usr/bin/ld: /usr/lib/debug/usr/lib/crt1.o(.debug_info): relocation 6 has invalid symbol index 13
/usr/bin/ld: /usr/lib/debug/usr/lib/crt1.o(.debug_info): relocation 7 has invalid symbol index 13
/usr/bin/ld: /usr/lib/debug/usr/lib/crt1.o(.debug_info): relocation 8 has invalid symbol index 2
/usr/bin/ld: /usr/lib/debug/usr/lib/crt1.o(.debug_info): relocation 9 has invalid symbol index 2
... rest of stderr output deleted ...
configure:2451: $? = 1
configure:2471: checking whether the C compiler works
configure:2493: ../../../swipl-ld.sh -fPIC   conftest.c  >&5
% /home/vsc/Yap/Prologs/pl-devel/library/listing compiled into prolog_listing 0.00 sec, 37,800 bytes
% halt
configure:2497: $? = 0
configure:2546: result: yes
configure:2549: checking for C compiler default output file name
configure:2551: result: a.out
configure:2557: checking for suffix of executables
configure:2564: ../../../swipl-ld.sh -o conftest -fPIC   conftest.c  >&5
% /home/vsc/Yap/Prologs/pl-devel/library/listing compiled into prolog_listing 0.00 sec, 37,800 bytes
% halt
configure:2568: $? = 0
configure:2590: result: 
configure:2612: checking whether we are cross compiling
configure:2620: ../../../swipl-ld.sh -o conftest -fPIC   conftest.c  >&5
% /home/vsc/Yap/Prologs/pl-devel/library/listing compiled into prolog_listing 0.00 sec, 37,800 bytes
% halt
configure:2624: $? = 0
configure:2631: ./conftest
configure:2635: $? = 0
configure:2650: result: no
configure:2655: checking for suffix of object files
configure:2677: ../../../swipl-ld.sh -c -fPIC  conftest.c >&5
configure:2681: $? = 0
configure:2702: result: o
configure:2706: checking whether we are using the GNU C compiler
configure:2725: ../../../swipl-ld.sh -c -fPIC  conftest.c >&5
configure:2725: $? = 0
configure:2734: result: yes
configure:2743: checking whether ../../../swipl-ld.sh accepts -g
configure:2763: ../../../swipl-ld.sh -c -g  conftest.c >&5
configure:2763: $? = 0
configure:2804: result: yes
configure:2821: checking for ../../../swipl-ld.sh option to accept ISO C89
configure:2885: ../../../swipl-ld.sh  -c -fPIC  conftest.c >&5
configure:2885: $? = 0
configure:2898: result: none needed
configure:2920: checking for ar
configure:2936: found /usr/bin/ar
configure:2948: result: ar
configure:2999: checking for ranlib
configure:3015: found /usr/bin/ranlib
configure:3026: result: ranlib
configure:3055: checking how to run the C preprocessor
configure:3086: ../../../swipl-ld.sh -E  conftest.c
configure:3086: $? = 0
configure:3100: ../../../swipl-ld.sh -E  conftest.c
conftest.c:9:28: error: ac_nonexistent.h: No such file or directory
gcc -E returned code 256
*** /home/vsc/Yap/Prologs/pl-devel/src/../src/swipl-ld exit status 1
configure:3100: $? = 1
configure: failed program was:
| /* confdefs.h */
| #define PACKAGE_NAME ""
| #define PACKAGE_TARNAME ""
| #define PACKAGE_VERSION ""
| #define PACKAGE_STRING ""
| #define PACKAGE_BUGREPORT ""
| #define PACKAGE_URL ""
| /* end confdefs.h.  */
| #include <ac_nonexistent.h>
configure:3125: result: ../../../swipl-ld.sh -E
configure:3145: ../../../swipl-ld.sh -E  conftest.c
configure:3145: $? = 0
configure:3159: ../../../swipl-ld.sh -E  conftest.c
conftest.c:9:28: error: ac_nonexistent.h: No such file or directory
gcc -E returned code 256
*** /home/vsc/Yap/Prologs/pl-devel/src/../src/swipl-ld exit status 1
configure:3159: $? = 1
configure: failed program was:
| /* confdefs.h */
| #define PACKAGE_NAME ""
| #define PACKAGE_TARNAME ""
| #define PACKAGE_VERSION ""
| #define PACKAGE_STRING ""
| #define PACKAGE_BUGREPORT ""
| #define PACKAGE_URL ""
| /* end confdefs.h.  */
| #include <ac_nonexistent.h>
configure:3188: checking for grep that handles long lines and -e
configure:3246: result: /bin/grep
configure:3251: checking for egrep
configure:3313: result: /bin/grep -E
configure:3318: checking for ANSI C header files
configure:3338: ../../../swipl-ld.sh -c -fPIC  conftest.c >&5
configure:3338: $? = 0
configure:3411: ../../../swipl-ld.sh -o conftest -fPIC   conftest.c  >&5
% /home/vsc/Yap/Prologs/pl-devel/library/listing compiled into prolog_listing 0.00 sec, 37,800 bytes
% halt
configure:3411: $? = 0
configure:3411: ./conftest
configure:3411: $? = 0
configure:3422: result: yes
configure:3435: checking for sys/types.h
configure:3435: ../../../swipl-ld.sh -c -fPIC  conftest.c >&5
configure:3435: $? = 0
configure:3435: result: yes
configure:3435: checking for sys/stat.h
configure:3435: ../../../swipl-ld.sh -c -fPIC  conftest.c >&5
configure:3435: $? = 0
configure:3435: result: yes
configure:3435: checking for stdlib.h
configure:3435: ../../../swipl-ld.sh -c -fPIC  conftest.c >&5
configure:3435: $? = 0
configure:3435: result: yes
configure:3435: checking for string.h
configure:3435: ../../../swipl-ld.sh -c -fPIC  conftest.c >&5
configure:3435: $? = 0
configure:3435: result: yes
configure:3435: checking for memory.h
configure:3435: ../../../swipl-ld.sh -c -fPIC  conftest.c >&5
configure:3435: $? = 0
configure:3435: result: yes
configure:3435: checking for strings.h
configure:3435: ../../../swipl-ld.sh -c -fPIC  conftest.c >&5
configure:3435: $? = 0
configure:3435: result: yes
configure:3435: checking for inttypes.h
configure:3435: ../../../swipl-ld.sh -c -fPIC  conftest.c >&5
configure:3435: $? = 0
configure:3435: result: yes
configure:3435: checking for stdint.h
configure:3435: ../../../swipl-ld.sh -c -fPIC  conftest.c >&5
configure:3435: $? = 0
configure:3435: result: yes
configure:3435: checking for unistd.h
configure:3435: ../../../swipl-ld.sh -c -fPIC  conftest.c >&5
configure:3435: $? = 0
configure:3435: result: yes
configure:3449: checking minix/config.h usability
configure:3449: ../../../swipl-ld.sh -c -fPIC  conftest.c >&5
conftest.c:52:26: error: minix/config.h: No such file or directory
gcc returned code 256
*** /home/vsc/Yap/Prologs/pl-devel/src/../src/swipl-ld exit status 1
configure:3449: $? = 1
configure: failed program was:
| /* confdefs.h */
| #define PACKAGE_NAME ""
| #define PACKAGE_TARNAME ""
| #define PACKAGE_VERSION ""
| #define PACKAGE_STRING ""
| #define PACKAGE_BUGREPORT ""
| #define PACKAGE_URL ""
| #define STDC_HEADERS 1
| #define HAVE_SYS_TYPES_H 1
| #define HAVE_SYS_STAT_H 1
| #define HAVE_STDLIB_H 1
| #define HAVE_STRING_H 1
| #define HAVE_MEMORY_H 1
| #define HAVE_STRINGS_H 1
| #define HAVE_INTTYPES_H 1
| #define HAVE_STDINT_H 1
| #define HAVE_UNISTD_H 1
| /* end confdefs.h.  */
| #include <stdio.h>
| #ifdef HAVE_SYS_TYPES_H
| # include <sys/types.h>
| #endif
| #ifdef HAVE_SYS_STAT_H
| # include <sys/stat.h>
| #endif
| #ifdef STDC_HEADERS
| # include <stdlib.h>
| # include <stddef.h>
| #else
| # ifdef HAVE_STDLIB_H
| #  include <stdlib.h>
| # endif
| #endif
| #ifdef HAVE_STRING_H
| # if !defined STDC_HEADERS && defined HAVE_MEMORY_H
| #  include <memory.h>
| # endif
| # include <string.h>
| #endif
| #ifdef HAVE_STRINGS_H
| # include <strings.h>
| #endif
| #ifdef HAVE_INTTYPES_H
| # include <inttypes.h>
| #endif
| #ifdef HAVE_STDINT_H
| # include <stdint.h>
| #endif
| #ifdef HAVE_UNISTD_H
| # include <unistd.h>
| #endif
| #include <minix/config.h>
configure:3449: result: no
configure:3449: checking minix/config.h presence
configure:3449: ../../../swipl-ld.sh -E  conftest.c
conftest.c:19:26: error: minix/config.h: No such file or directory
gcc -E returned code 256
*** /home/vsc/Yap/Prologs/pl-devel/src/../src/swipl-ld exit status 1
configure:3449: $? = 1
configure: failed program was:
| /* confdefs.h */
| #define PACKAGE_NAME ""
| #define PACKAGE_TARNAME ""
| #define PACKAGE_VERSION ""
| #define PACKAGE_STRING ""
| #define PACKAGE_BUGREPORT ""
| #define PACKAGE_URL ""
| #define STDC_HEADERS 1
| #define HAVE_SYS_TYPES_H 1
| #define HAVE_SYS_STAT_H 1
| #define HAVE_STDLIB_H 1
| #define HAVE_STRING_H 1
| #define HAVE_MEMORY_H 1
| #define HAVE_STRINGS_H 1
| #define HAVE_INTTYPES_H 1
| #define HAVE_STDINT_H 1
| #define HAVE_UNISTD_H 1
| /* end confdefs.h.  */
| #include <minix/config.h>
configure:3449: result: no
configure:3449: checking for minix/config.h
configure:3449: result: no
configure:3470: checking whether it is safe to define __EXTENSIONS__
configure:3488: ../../../swipl-ld.sh -c -fPIC  conftest.c >&5
configure:3488: $? = 0
configure:3495: result: yes
configure:3516: checking for ANSI C header files
configure:3620: result: yes
configure:3631: checking for unistd.h
configure:3631: result: yes
configure:3631: checking sys/wait.h usability
configure:3631: ../../../swipl-ld.sh -c -fPIC -Wall  conftest.c >&5
configure:3631: $? = 0
configure:3631: result: yes
configure:3631: checking sys/wait.h presence
configure:3631: ../../../swipl-ld.sh -E  conftest.c
configure:3631: $? = 0
configure:3631: result: yes
configure:3631: checking for sys/wait.h
configure:3631: result: yes
configure:3631: checking for strings.h
configure:3631: result: yes
configure:3643: checking for missing gethostname prototype
configure:3666: ../../../swipl-ld.sh -c -fPIC -Wall  conftest.c >&5
conftest.c:33: error: conflicting types for 'gethostname'
/usr/include/unistd.h:895: note: previous declaration of 'gethostname' was here
gcc returned code 256
*** /home/vsc/Yap/Prologs/pl-devel/src/../src/swipl-ld exit status 1
configure:3666: $? = 1
configure: failed program was:
| /* confdefs.h */
| #define PACKAGE_NAME ""
| #define PACKAGE_TARNAME ""
| #define PACKAGE_VERSION ""
| #define PACKAGE_STRING ""
| #define PACKAGE_BUGREPORT ""
| #define PACKAGE_URL ""
| #define STDC_HEADERS 1
| #define HAVE_SYS_TYPES_H 1
| #define HAVE_SYS_STAT_H 1
| #define HAVE_STDLIB_H 1
| #define HAVE_STRING_H 1
| #define HAVE_MEMORY_H 1
| #define HAVE_STRINGS_H 1
| #define HAVE_INTTYPES_H 1
| #define HAVE_STDINT_H 1
| #define HAVE_UNISTD_H 1
| #define __EXTENSIONS__ 1
| #define _ALL_SOURCE 1
| #define _GNU_SOURCE 1
| #define _POSIX_PTHREAD_SEMANTICS 1
| #define _TANDEM_SOURCE 1
| #define STDC_HEADERS 1
| #define HAVE_UNISTD_H 1
| #define HAVE_SYS_WAIT_H 1
| #define HAVE_STRINGS_H 1
| /* end confdefs.h.  */
| 
| #if HAVE_UNISTD_H
| #include	<unistd.h>
| #endif
| 
| extern int gethostname(int,int);
| 
| int
| main ()
| {
| 
| 
|   ;
|   return 0;
| }
configure:3676: result: no
configure:3688: checking for an ANSI C-conforming const
configure:3753: ../../../swipl-ld.sh -c -fPIC -Wall  conftest.c >&5
conftest.c: In function 'main':
conftest.c:58: warning: 't' is used uninitialized in this function
conftest.c:74: warning: 'b' may be used uninitialized in this function
configure:3753: $? = 0
configure:3760: result: yes
configure:3768: checking for off_t
configure:3768: ../../../swipl-ld.sh -c -fPIC -Wall  conftest.c >&5
configure:3768: $? = 0
configure:3768: ../../../swipl-ld.sh -c -fPIC -Wall  conftest.c >&5
conftest.c: In function 'main':
conftest.c:65: error: expected expression before ')' token
gcc returned code 256
*** /home/vsc/Yap/Prologs/pl-devel/src/../src/swipl-ld exit status 1
configure:3768: $? = 1
configure: failed program was:
| /* confdefs.h */
| #define PACKAGE_NAME ""
| #define PACKAGE_TARNAME ""
| #define PACKAGE_VERSION ""
| #define PACKAGE_STRING ""
| #define PACKAGE_BUGREPORT ""
| #define PACKAGE_URL ""
| #define STDC_HEADERS 1
| #define HAVE_SYS_TYPES_H 1
| #define HAVE_SYS_STAT_H 1
| #define HAVE_STDLIB_H 1
| #define HAVE_STRING_H 1
| #define HAVE_MEMORY_H 1
| #define HAVE_STRINGS_H 1
| #define HAVE_INTTYPES_H 1
| #define HAVE_STDINT_H 1
| #define HAVE_UNISTD_H 1
| #define __EXTENSIONS__ 1
| #define _ALL_SOURCE 1
| #define _GNU_SOURCE 1
| #define _POSIX_PTHREAD_SEMANTICS 1
| #define _TANDEM_SOURCE 1
| #define STDC_HEADERS 1
| #define HAVE_UNISTD_H 1
| #define HAVE_SYS_WAIT_H 1
| #define HAVE_STRINGS_H 1
| #define HAS_GETHOSTNAME 1
| /* end confdefs.h.  */
| #include <stdio.h>
| #ifdef HAVE_SYS_TYPES_H
| # include <sys/types.h>
| #endif
| #ifdef HAVE_SYS_STAT_H
| # include <sys/stat.h>
| #endif
| #ifdef STDC_HEADERS
| # include <stdlib.h>
| # include <stddef.h>
| #else
| # ifdef HAVE_STDLIB_H
| #  include <stdlib.h>
| # endif
| #endif
| #ifdef HAVE_STRING_H
| # if !defined STDC_HEADERS && defined HAVE_MEMORY_H
| #  include <memory.h>
| # endif
| # include <string.h>
| #endif
| #ifdef HAVE_STRINGS_H
| # include <strings.h>
| #endif
| #ifdef HAVE_INTTYPES_H
| # include <inttypes.h>
| #endif
| #ifdef HAVE_STDINT_H
| # include <stdint.h>
| #endif
| #ifdef HAVE_UNISTD_H
| # include <unistd.h>
| #endif
| int
| main ()
| {
| if (sizeof ((off_t)))
| 	    return 0;
|   ;
|   return 0;
| }
configure:3768: result: yes
configure:3779: checking for size_t
configure:3779: ../../../swipl-ld.sh -c -fPIC -Wall  conftest.c >&5
configure:3779: $? = 0
configure:3779: ../../../swipl-ld.sh -c -fPIC -Wall  conftest.c >&5
conftest.c: In function 'main':
conftest.c:65: error: expected expression before ')' token
gcc returned code 256
*** /home/vsc/Yap/Prologs/pl-devel/src/../src/swipl-ld exit status 1
configure:3779: $? = 1
configure: failed program was:
| /* confdefs.h */
| #define PACKAGE_NAME ""
| #define PACKAGE_TARNAME ""
| #define PACKAGE_VERSION ""
| #define PACKAGE_STRING ""
| #define PACKAGE_BUGREPORT ""
| #define PACKAGE_URL ""
| #define STDC_HEADERS 1
| #define HAVE_SYS_TYPES_H 1
| #define HAVE_SYS_STAT_H 1
| #define HAVE_STDLIB_H 1
| #define HAVE_STRING_H 1
| #define HAVE_MEMORY_H 1
| #define HAVE_STRINGS_H 1
| #define HAVE_INTTYPES_H 1
| #define HAVE_STDINT_H 1
| #define HAVE_UNISTD_H 1
| #define __EXTENSIONS__ 1
| #define _ALL_SOURCE 1
| #define _GNU_SOURCE 1
| #define _POSIX_PTHREAD_SEMANTICS 1
| #define _TANDEM_SOURCE 1
| #define STDC_HEADERS 1
| #define HAVE_UNISTD_H 1
| #define HAVE_SYS_WAIT_H 1
| #define HAVE_STRINGS_H 1
| #define HAS_GETHOSTNAME 1
| /* end confdefs.h.  */
| #include <stdio.h>
| #ifdef HAVE_SYS_TYPES_H
| # include <sys/types.h>
| #endif
| #ifdef HAVE_SYS_STAT_H
| # include <sys/stat.h>
| #endif
| #ifdef STDC_HEADERS
| # include <stdlib.h>
| # include <stddef.h>
| #else
| # ifdef HAVE_STDLIB_H
| #  include <stdlib.h>
| # endif
| #endif
| #ifdef HAVE_STRING_H
| # if !defined STDC_HEADERS && defined HAVE_MEMORY_H
| #  include <memory.h>
| # endif
| # include <string.h>
| #endif
| #ifdef HAVE_STRINGS_H
| # include <strings.h>
| #endif
| #ifdef HAVE_INTTYPES_H
| # include <inttypes.h>
| #endif
| #ifdef HAVE_STDINT_H
| # include <stdint.h>
| #endif
| #ifdef HAVE_UNISTD_H
| # include <unistd.h>
| #endif
| int
| main ()
| {
| if (sizeof ((size_t)))
| 	    return 0;
|   ;
|   return 0;
| }
configure:3779: result: yes
configure:3790: checking for pid_t
configure:3790: ../../../swipl-ld.sh -c -fPIC -Wall  conftest.c >&5
configure:3790: $? = 0
configure:3790: ../../../swipl-ld.sh -c -fPIC -Wall  conftest.c >&5
conftest.c: In function 'main':
conftest.c:65: error: expected expression before ')' token
gcc returned code 256
*** /home/vsc/Yap/Prologs/pl-devel/src/../src/swipl-ld exit status 1
configure:3790: $? = 1
configure: failed program was:
| /* confdefs.h */
| #define PACKAGE_NAME ""
| #define PACKAGE_TARNAME ""
| #define PACKAGE_VERSION ""
| #define PACKAGE_STRING ""
| #define PACKAGE_BUGREPORT ""
| #define PACKAGE_URL ""
| #define STDC_HEADERS 1
| #define HAVE_SYS_TYPES_H 1
| #define HAVE_SYS_STAT_H 1
| #define HAVE_STDLIB_H 1
| #define HAVE_STRING_H 1
| #define HAVE_MEMORY_H 1
| #define HAVE_STRINGS_H 1
| #define HAVE_INTTYPES_H 1
| #define HAVE_STDINT_H 1
| #define HAVE_UNISTD_H 1
| #define __EXTENSIONS__ 1
| #define _ALL_SOURCE 1
| #define _GNU_SOURCE 1
| #define _POSIX_PTHREAD_SEMANTICS 1
| #define _TANDEM_SOURCE 1
| #define STDC_HEADERS 1
| #define HAVE_UNISTD_H 1
| #define HAVE_SYS_WAIT_H 1
| #define HAVE_STRINGS_H 1
| #define HAS_GETHOSTNAME 1
| /* end confdefs.h.  */
| #include <stdio.h>
| #ifdef HAVE_SYS_TYPES_H
| # include <sys/types.h>
| #endif
| #ifdef HAVE_SYS_STAT_H
| # include <sys/stat.h>
| #endif
| #ifdef STDC_HEADERS
| # include <stdlib.h>
| # include <stddef.h>
| #else
| # ifdef HAVE_STDLIB_H
| #  include <stdlib.h>
| # endif
| #endif
| #ifdef HAVE_STRING_H
| # if !defined STDC_HEADERS && defined HAVE_MEMORY_H
| #  include <memory.h>
| # endif
| # include <string.h>
| #endif
| #ifdef HAVE_STRINGS_H
| # include <strings.h>
| #endif
| #ifdef HAVE_INTTYPES_H
| # include <inttypes.h>
| #endif
| #ifdef HAVE_STDINT_H
| # include <stdint.h>
| #endif
| #ifdef HAVE_UNISTD_H
| # include <unistd.h>
| #endif
| int
| main ()
| {
| if (sizeof ((pid_t)))
| 	    return 0;
|   ;
|   return 0;
| }
configure:3790: result: yes
configure:3802: checking for strncasecmp
configure:3802: ../../../swipl-ld.sh -o conftest -fPIC -Wall   conftest.c  >&5
conftest.c:52: warning: conflicting types for built-in function 'strncasecmp'
% /home/vsc/Yap/Prologs/pl-devel/library/listing compiled into prolog_listing 0.00 sec, 37,800 bytes
% halt
configure:3802: $? = 0
configure:3802: result: yes
configure:3809: checking for strcasecmp
configure:3809: ../../../swipl-ld.sh -o conftest -fPIC -Wall   conftest.c  >&5
conftest.c:52: warning: conflicting types for built-in function 'strcasecmp'
% /home/vsc/Yap/Prologs/pl-devel/library/listing compiled into prolog_listing 0.00 sec, 37,800 bytes
% halt
configure:3809: $? = 0
configure:3809: result: yes
configure:3968: creating ./config.status

## ---------------------- ##
## Running config.status. ##
## ---------------------- ##

This file was extended by config.status, which was
generated by GNU Autoconf 2.65.  Invocation command line was

  CONFIG_FILES    = 
  CONFIG_HEADERS  = 
  CONFIG_LINKS    = 
  CONFIG_COMMANDS = 
  $ ./config.status 

on xato

config.status:817: creating Makefile
config.status:817: creating rfc2045charset.h
config.status:817: creating config.h
config.status:978: config.h is unchanged

## ---------------- ##
## Cache variables. ##
## ---------------- ##

ac_cv_c_compiler_gnu=yes
ac_cv_c_const=yes
ac_cv_env_CC_set=set
ac_cv_env_CC_value=../../../swipl-ld.sh
ac_cv_env_CFLAGS_set=set
ac_cv_env_CFLAGS_value=-fPIC
ac_cv_env_CPPFLAGS_set=
ac_cv_env_CPPFLAGS_value=
ac_cv_env_CPP_set=
ac_cv_env_CPP_value=
ac_cv_env_LDFLAGS_set=set
ac_cv_env_LDFLAGS_value=
ac_cv_env_LIBS_set=
ac_cv_env_LIBS_value=
ac_cv_env_build_alias_set=
ac_cv_env_build_alias_value=
ac_cv_env_host_alias_set=
ac_cv_env_host_alias_value=
ac_cv_env_target_alias_set=
ac_cv_env_target_alias_value=
ac_cv_func_strcasecmp=yes
ac_cv_func_strncasecmp=yes
ac_cv_header_inttypes_h=yes
ac_cv_header_memory_h=yes
ac_cv_header_minix_config_h=no
ac_cv_header_stdc=yes
ac_cv_header_stdint_h=yes
ac_cv_header_stdlib_h=yes
ac_cv_header_string_h=yes
ac_cv_header_strings_h=yes
ac_cv_header_sys_stat_h=yes
ac_cv_header_sys_types_h=yes
ac_cv_header_sys_wait_h=yes
ac_cv_header_unistd_h=yes
ac_cv_objext=o
ac_cv_path_EGREP='/bin/grep -E'
ac_cv_path_GREP=/bin/grep
ac_cv_prog_AR=ar
ac_cv_prog_CPP='../../../swipl-ld.sh -E'
ac_cv_prog_ac_ct_CC=../../../swipl-ld.sh
ac_cv_prog_ac_ct_RANLIB=ranlib
ac_cv_prog_cc_c89=
ac_cv_prog_cc_g=yes
ac_cv_safe_to_define___extensions__=yes
ac_cv_type_off_t=yes
ac_cv_type_pid_t=yes
ac_cv_type_size_t=yes
rfc2045_cv_SYS_GETHOSTNAME=no

## ----------------- ##
## Output variables. ##
## ----------------- ##

AR='ar'
CC='../../../swipl-ld.sh'
CFLAGS='-fPIC -Wall -I./..'
CPP='../../../swipl-ld.sh -E'
CPPFLAGS=''
DEFS='-DHAVE_CONFIG_H'
ECHO_C=''
ECHO_N='-n'
ECHO_T=''
EGREP='/bin/grep -E'
EXEEXT=''
GREP='/bin/grep'
LDFLAGS=''
LIBOBJS=''
LIBS=''
LTLIBOBJS=''
OBJEXT='o'
PACKAGE_BUGREPORT=''
PACKAGE_NAME=''
PACKAGE_STRING=''
PACKAGE_TARNAME=''
PACKAGE_URL=''
PACKAGE_VERSION=''
PATH_SEPARATOR=':'
RANLIB='ranlib'
RFC2045CHARSET='us-ascii'
SHELL='/bin/bash'
ac_ct_CC='../../../swipl-ld.sh'
bindir='${exec_prefix}/bin'
build_alias=''
datadir='${datarootdir}'
datarootdir='${prefix}/share'
docdir='${datarootdir}/doc/${PACKAGE}'
dvidir='${docdir}'
exec_prefix='${prefix}'
host_alias=''
htmldir='${docdir}'
includedir='${prefix}/include'
infodir='${datarootdir}/info'
libdir='${exec_prefix}/lib'
libexecdir='${exec_prefix}/libexec'
localedir='${datarootdir}/locale'
localstatedir='${prefix}/var'
mandir='${datarootdir}/man'
oldincludedir='/usr/include'
pdfdir='${docdir}'
prefix='/usr/local'
program_transform_name='s,x,x,'
psdir='${docdir}'
rfc822includedir=''
sbindir='${exec_prefix}/sbin'
sharedstatedir='${prefix}/com'
sysconfdir='${prefix}/etc'
target_alias=''

## ----------- ##
## confdefs.h. ##
## ----------- ##

/* confdefs.h */
#define PACKAGE_NAME ""
#define PACKAGE_TARNAME ""
#define PACKAGE_VERSION ""
#define PACKAGE_STRING ""
#define PACKAGE_BUGREPORT ""
#define PACKAGE_URL ""
#define STDC_HEADERS 1
#define HAVE_SYS_TYPES_H 1
#define HAVE_SYS_STAT_H 1
#define HAVE_STDLIB_H 1
#define HAVE_STRING_H 1
#define HAVE_MEMORY_H 1
#define HAVE_STRINGS_H 1
#define HAVE_INTTYPES_H 1
#define HAVE_STDINT_H 1
#define HAVE_UNISTD_H 1
#define __EXTENSIONS__ 1
#define _ALL_SOURCE 1
#define _GNU_SOURCE 1
#define _POSIX_PTHREAD_SEMANTICS 1
#define _TANDEM_SOURCE 1
#define STDC_HEADERS 1
#define HAVE_UNISTD_H 1
#define HAVE_SYS_WAIT_H 1
#define HAVE_STRINGS_H 1
#define HAS_GETHOSTNAME 1
#define RFC2045PKG ""
#define RFC2045VER ""

configure: exit 0
