/u/vitor/Yap/ILP/uw-cse/prun: line 41: 30639 Killed                  "$YAP"  >LOGPATH.$i 2>&1 <<EOF
['../AlephUW/aleph.yap'].
assert(fold($i)).
read_all('$BKFILE').
%yap_flag(gc_trace,verbose).
set(test_pos,'$TEST.f').
set(test_neg,'$TEST.n').
set(recordfile,'$TRACEFILE').
set(nodes,10000).
set(verbosity,0).
vsc_set(pathf(on)).
%yap_flag(gc_trace,verbose).
induce.

EOF

/u/vitor/Yap/ILP/uw-cse/prun: line 41: 30661 Killed                  "$YAP"  >LOGPATH.$i 2>&1 <<EOF
['../AlephUW/aleph.yap'].
assert(fold($i)).
read_all('$BKFILE').
%yap_flag(gc_trace,verbose).
set(test_pos,'$TEST.f').
set(test_neg,'$TEST.n').
set(recordfile,'$TRACEFILE').
set(nodes,10000).
set(verbosity,0).
vsc_set(pathf(on)).
%yap_flag(gc_trace,verbose).
induce.

EOF

/u/vitor/Yap/ILP/uw-cse/prun: line 41: 30680 Killed                  "$YAP"  >LOGPATH.$i 2>&1 <<EOF
['../AlephUW/aleph.yap'].
assert(fold($i)).
read_all('$BKFILE').
%yap_flag(gc_trace,verbose).
set(test_pos,'$TEST.f').
set(test_neg,'$TEST.n').
set(recordfile,'$TRACEFILE').
set(nodes,10000).
set(verbosity,0).
vsc_set(pathf(on)).
%yap_flag(gc_trace,verbose).
induce.

EOF

/u/vitor/Yap/ILP/uw-cse/prun: line 41: 30701 Killed                  "$YAP"  >LOGPATH.$i 2>&1 <<EOF
['../AlephUW/aleph.yap'].
assert(fold($i)).
read_all('$BKFILE').
%yap_flag(gc_trace,verbose).
set(test_pos,'$TEST.f').
set(test_neg,'$TEST.n').
set(recordfile,'$TRACEFILE').
set(nodes,10000).
set(verbosity,0).
vsc_set(pathf(on)).
%yap_flag(gc_trace,verbose).
induce.

EOF

/u/vitor/Yap/ILP/uw-cse/prun: line 41: 30720 Killed                  "$YAP"  >LOGPATH.$i 2>&1 <<EOF
['../AlephUW/aleph.yap'].
assert(fold($i)).
read_all('$BKFILE').
%yap_flag(gc_trace,verbose).
set(test_pos,'$TEST.f').
set(test_neg,'$TEST.n').
set(recordfile,'$TRACEFILE').
set(nodes,10000).
set(verbosity,0).
vsc_set(pathf(on)).
%yap_flag(gc_trace,verbose).
induce.

EOF

/u/vitor/Yap/ILP/uw-cse/prun: line 41:  2321 Killed                  "$YAP"  >LOGPATH.$i 2>&1 <<EOF
['../AlephUW/aleph.yap'].
%assert(fold($i)).
read_all('$BKFILE').
%yap_flag(gc_trace,verbose).
set(test_pos,'$TEST.f').
set(test_neg,'$TEST.n').
set(recordfile,'$TRACEFILE').
set(nodes,2000).
set(verbosity,0).
vsc_set(pathf(on)).
%yap_flag(gc_trace,verbose).
induce.

EOF

/u/vitor/Yap/ILP/uw-cse/prun: line 41:  2571 Killed                  "$YAP"  >LOGPATH.$i 2>&1 <<EOF
['../AlephUW/aleph.yap'].
%assert(fold($i)).
read_all('$BKFILE').
%yap_flag(gc_trace,verbose).
set(test_pos,'$TEST.f').
set(test_neg,'$TEST.n').
set(recordfile,'$TRACEFILE').
set(nodes,2000).
set(verbosity,0).
vsc_set(pathf(on)).
%yap_flag(gc_trace,verbose).
induce.

EOF

/u/vitor/Yap/ILP/uw-cse/prun: line 41:  2589 Killed                  "$YAP"  >LOGPATH.$i 2>&1 <<EOF
['../AlephUW/aleph.yap'].
%assert(fold($i)).
read_all('$BKFILE').
%yap_flag(gc_trace,verbose).
set(test_pos,'$TEST.f').
set(test_neg,'$TEST.n').
set(recordfile,'$TRACEFILE').
set(nodes,2000).
set(verbosity,0).
vsc_set(pathf(on)).
%yap_flag(gc_trace,verbose).
induce.

EOF

/u/vitor/Yap/ILP/uw-cse/prun2: line 50: 15231 Segmentation fault      (core dumped) "$YAP"  >LOG_PATH.$i 2>&1 <<EOF
['../AlephUW/aleph.yap'].
%assert(fold($i)).
read_all('$BKFILE').
%yap_flag(gc_trace,verbose).
set(test_pos,'$TEST.f').
set(test_neg,'$TEST.n').
set(recordfile,'$TRACEFILE').
set(nodes,2000).
set(verbosity,0).
sat(1).
pathfs2bk(1).
sat(2).
pathfs2bk(1).
sat(3).
pathfs2bk(1).
sat(4).
pathfs2bk(1).
sat(5).
pathfs2bk(1).
%yap_flag(gc_trace,verbose).
induce.

EOF

/u/vitor/Yap/ILP/uw-cse/prun2: line 50: 16662 Killed                  "$YAP"  >LOG_PATH.$i 2>&1 <<EOF
['../AlephUW/aleph.yap'].
%assert(fold($i)).
read_all('$BKFILE').
%yap_flag(gc_trace,verbose).
set(test_pos,'$TEST.f').
set(test_neg,'$TEST.n').
set(recordfile,'$TRACEFILE').
set(nodes,2000).
set(verbosity,0).
sat(1).
pathfs2bk(1).
sat(2).
pathfs2bk(1).
sat(3).
pathfs2bk(1).
sat(4).
pathfs2bk(1).
sat(5).
pathfs2bk(1).
%yap_flag(gc_trace,verbose).
induce.

EOF

/u/vitor/Yap/ILP/uw-cse/prun2: line 50:  7524 Killed                  "$YAP"  >LOG_PATH.$i 2>&1 <<EOF
['../AlephUW/aleph.yap'].
%assert(fold($i)).
read_all('$BKFILE').
%yap_flag(gc_trace,verbose).
set(test_pos,'$TEST.f').
set(test_neg,'$TEST.n').
set(recordfile,'$TRACEFILE').
set(nodes,2000).
set(verbosity,0).
sat(1).
pathfs2bk(1).
sat(2).
pathfs2bk(1).
sat(3).
pathfs2bk(1).
sat(4).
pathfs2bk(1).
sat(5).
pathfs2bk(1).
%yap_flag(gc_trace,verbose).
induce.

EOF

/u/vitor/Yap/ILP/uw-cse/naiverun: line 42: 25033 Segmentation fault      (core dumped) "$YAP"  >LOGNAIVE.$i 2>&1 <<EOF
['../AlephUW/aleph.yap'].
%assert(fold($i)).
[times].
read_all('$BF').
set(recordfile,'nadvisedby$i.trace').
set(nodes,10000).
set(verbosity,0).
set(test_pos,'$TESTF').
set(test_neg,'$TESTN').
vsc_set(bnet_dump_file('probabilities-n$i.yap')).
%vsc_set(bnet_min_recall_in_area(0.5)).
%vsc_set(bnet_scoring_method(0)).
%vsc_set(bnet_start_seeds(200)).
vsc_set(bnet_min_recall_in_area(0.0)).
statistics(runtime,[T,_]), time($i,X), Z is X // 1000,induce_bnet_timed(Z), statistics(runtime,[Tf,_]), D is Tf-T, format('ILP run took ~d msec.~n',[D]).
EOF

/u/vitor/Yap/ILP/uw-cse/naiverun: line 42: 27809 Segmentation fault      (core dumped) "$YAP"  >LOGNAIVE.$i 2>&1 <<EOF
['../AlephUW/aleph.yap'].
%assert(fold($i)).
[times].
read_all('$BF').
set(recordfile,'nadvisedby$i.trace').
set(nodes,10000).
set(verbosity,0).
set(test_pos,'$TESTF').
set(test_neg,'$TESTN').
vsc_set(bnet_dump_file('probabilities-n$i.yap')).
%vsc_set(bnet_min_recall_in_area(0.5)).
%vsc_set(bnet_scoring_method(0)).
%vsc_set(bnet_start_seeds(200)).
vsc_set(bnet_min_recall_in_area(0.0)).
statistics(runtime,[T,_]), time($i,X), Z is X // 1000,induce_bnet_timed(Z), statistics(runtime,[Tf,_]), D is Tf-T, format('ILP run took ~d msec.~n',[D]).
EOF

/u/vitor/Yap/ILP/uw-cse/naiverun: line 42: 30172 Segmentation fault      (core dumped) "$YAP"  >LOGNAIVE.$i 2>&1 <<EOF
['../AlephUW/aleph.yap'].
%assert(fold($i)).
[times].
read_all('$BF').
set(recordfile,'nadvisedby$i.trace').
set(nodes,10000).
set(verbosity,0).
set(test_pos,'$TESTF').
set(test_neg,'$TESTN').
vsc_set(bnet_dump_file('probabilities-n$i.yap')).
%vsc_set(bnet_min_recall_in_area(0.5)).
%vsc_set(bnet_scoring_method(0)).
%vsc_set(bnet_start_seeds(200)).
vsc_set(bnet_min_recall_in_area(0.0)).
statistics(runtime,[T,_]), time($i,X), Z is X // 1000,induce_bnet_timed(Z), statistics(runtime,[Tf,_]), D is Tf-T, format('ILP run took ~d msec.~n',[D]).
EOF

/u/vitor/Yap/ILP/uw-cse/naiverun: line 42: 32678 Segmentation fault      (core dumped) "$YAP"  >LOGNAIVE.$i 2>&1 <<EOF
['../AlephUW/aleph.yap'].
%assert(fold($i)).
[times].
read_all('$BF').
set(recordfile,'nadvisedby$i.trace').
set(nodes,10000).
set(verbosity,0).
set(test_pos,'$TESTF').
set(test_neg,'$TESTN').
vsc_set(bnet_dump_file('probabilities-n$i.yap')).
%vsc_set(bnet_min_recall_in_area(0.5)).
%vsc_set(bnet_scoring_method(0)).
%vsc_set(bnet_start_seeds(200)).
vsc_set(bnet_min_recall_in_area(0.0)).
statistics(runtime,[T,_]), time($i,X), Z is X // 1000,induce_bnet_timed(Z), statistics(runtime,[Tf,_]), D is Tf-T, format('ILP run took ~d msec.~n',[D]).
EOF

/u/vitor/Yap/ILP/uw-cse/naiverun: line 42: 14778 Killed                  $YAP  >LOGNAIVE.$i 2>&1 <<EOF
['../AlephUW/aleph.yap'].
%assert(fold($i)).
[times].
read_all('$BF').
set(recordfile,'nadvisedby$i.trace').
set(nodes,10000).
set(verbosity,0).
set(test_pos,'$TESTF').
set(test_neg,'$TESTN').
vsc_set(bnet_dump_file('probabilities-n$i.yap')).
%vsc_set(bnet_min_recall_in_area(0.5)).
%vsc_set(bnet_scoring_method(0)).
%vsc_set(bnet_start_seeds(200)).
vsc_set(bnet_min_recall_in_area(0.0)).
statistics(runtime,[T,_]), time($i,X), Z is X // 1000,induce_bnet_timed(Z), statistics(runtime,[Tf,_]), D is Tf-T, format('ILP run took ~d msec.~n',[D]).
EOF

