This file contains any messages produced by compilers while
running configure, to aid debugging if configure makes a mistake.

It was created by configure, which was
generated by GNU Autoconf 2.65.  Invocation command line was

  $ ./configure --prefix=/home/vsc/Yap/pl-devel --prefix=/home/vsc/Yap/pl-devel

## --------- ##
## Platform. ##
## --------- ##

hostname = xato
uname -m = x86_64
uname -r = 2.6.32-22-generic
uname -s = Linux
uname -v = #36-Ubuntu SMP Thu Jun 3 19:31:57 UTC 2010

/usr/bin/uname -p = unknown
/bin/uname -X     = unknown

/bin/arch              = unknown
/usr/bin/arch -k       = unknown
/usr/convex/getsysinfo = unknown
/usr/bin/hostinfo      = unknown
/bin/machine           = unknown
/usr/bin/oslevel       = unknown
/bin/universe          = unknown

PATH: /home/vsc/Yap/pl-devel/bin
PATH: /home/vsc/bin
PATH: /usr/local/sbin
PATH: /usr/local/bin
PATH: /usr/sbin
PATH: /usr/bin
PATH: /sbin
PATH: /bin
PATH: /usr/games
PATH: /home/vsc/lgtsvn/xml
PATH: /home/vsc/lgtsvn/scripts
PATH: /home/vsc/lgtsvn/integration


## ----------- ##
## Core tests. ##
## ----------- ##

configure:2132: checking for gmake
configure:2159: result: make
configure:2175: checking for etags
configure:2191: found /usr/bin/etags
configure:2202: result: etags
configure:2251: checking for a BSD-compatible install
configure:2319: result: /usr/bin/install -c
configure:2378: checking for gcc
configure:2405: result: ../swipl-ld.sh
configure:2634: checking for C compiler version
configure:2643: ../swipl-ld.sh --version >&5
gcc (Ubuntu 4.4.3-4ubuntu5) 4.4.3
Copyright (C) 2009 Free Software Foundation, Inc.
This is free software; see the source for copying conditions.  There is NO
warranty; not even for MERCHANTABILITY or FITNESS FOR A PARTICULAR PURPOSE.

configure:2654: $? = 0
configure:2643: ../swipl-ld.sh -v >&5
Using built-in specs.
Target: x86_64-linux-gnu
Configured with: ../src/configure -v --with-pkgversion='Ubuntu 4.4.3-4ubuntu5' --with-bugurl=file:///usr/share/doc/gcc-4.4/README.Bugs --enable-languages=c,c++,fortran,objc,obj-c++ --prefix=/usr --enable-shared --enable-multiarch --enable-linker-build-id --with-system-zlib --libexecdir=/usr/lib --without-included-gettext --enable-threads=posix --with-gxx-include-dir=/usr/include/c++/4.4 --program-suffix=-4.4 --enable-nls --enable-clocale=gnu --enable-libstdcxx-debug --enable-plugin --enable-objc-gc --disable-werror --with-arch-32=i486 --with-tune=generic --enable-checking=release --build=x86_64-linux-gnu --host=x86_64-linux-gnu --target=x86_64-linux-gnu
Thread model: posix
gcc version 4.4.3 (Ubuntu 4.4.3-4ubuntu5) 
configure:2654: $? = 0
configure:2643: ../swipl-ld.sh -V >&5
/usr/bin/ld: /usr/lib/debug/usr/lib/crt1.o(.debug_info): relocation 0 has invalid symbol index 11
/usr/bin/ld: /usr/lib/debug/usr/lib/crt1.o(.debug_info): relocation 1 has invalid symbol index 12
/usr/bin/ld: /usr/lib/debug/usr/lib/crt1.o(.debug_info): relocation 2 has invalid symbol index 2
/usr/bin/ld: /usr/lib/debug/usr/lib/crt1.o(.debug_info): relocation 3 has invalid symbol index 2
/usr/bin/ld: /usr/lib/debug/usr/lib/crt1.o(.debug_info): relocation 4 has invalid symbol index 11
/usr/bin/ld: /usr/lib/debug/usr/lib/crt1.o(.debug_info): relocation 5 has invalid symbol index 13
/usr/bin/ld: /usr/lib/debug/usr/lib/crt1.o(.debug_info): relocation 6 has invalid symbol index 13
/usr/bin/ld: /usr/lib/debug/usr/lib/crt1.o(.debug_info): relocation 7 has invalid symbol index 13
/usr/bin/ld: /usr/lib/debug/usr/lib/crt1.o(.debug_info): relocation 8 has invalid symbol index 2
/usr/bin/ld: /usr/lib/debug/usr/lib/crt1.o(.debug_info): relocation 9 has invalid symbol index 2
... rest of stderr output deleted ...
configure:2654: $? = 1
configure:2643: ../swipl-ld.sh -qversion >&5
/usr/bin/ld: /usr/lib/debug/usr/lib/crt1.o(.debug_info): relocation 0 has invalid symbol index 11
/usr/bin/ld: /usr/lib/debug/usr/lib/crt1.o(.debug_info): relocation 1 has invalid symbol index 12
/usr/bin/ld: /usr/lib/debug/usr/lib/crt1.o(.debug_info): relocation 2 has invalid symbol index 2
/usr/bin/ld: /usr/lib/debug/usr/lib/crt1.o(.debug_info): relocation 3 has invalid symbol index 2
/usr/bin/ld: /usr/lib/debug/usr/lib/crt1.o(.debug_info): relocation 4 has invalid symbol index 11
/usr/bin/ld: /usr/lib/debug/usr/lib/crt1.o(.debug_info): relocation 5 has invalid symbol index 13
/usr/bin/ld: /usr/lib/debug/usr/lib/crt1.o(.debug_info): relocation 6 has invalid symbol index 13
/usr/bin/ld: /usr/lib/debug/usr/lib/crt1.o(.debug_info): relocation 7 has invalid symbol index 13
/usr/bin/ld: /usr/lib/debug/usr/lib/crt1.o(.debug_info): relocation 8 has invalid symbol index 2
/usr/bin/ld: /usr/lib/debug/usr/lib/crt1.o(.debug_info): relocation 9 has invalid symbol index 2
... rest of stderr output deleted ...
configure:2654: $? = 1
configure:2674: checking whether the C compiler works
configure:2696: ../swipl-ld.sh    conftest.c  >&5
% /home/vsc/Yap/pl-devel/library/listing compiled into prolog_listing 0.00 sec, 37,800 bytes
% halt
configure:2700: $? = 0
configure:2749: result: yes
configure:2752: checking for C compiler default output file name
configure:2754: result: a.out
configure:2760: checking for suffix of executables
configure:2767: ../swipl-ld.sh -o conftest    conftest.c  >&5
% /home/vsc/Yap/pl-devel/library/listing compiled into prolog_listing 0.01 sec, 37,800 bytes
% halt
configure:2771: $? = 0
configure:2793: result: 
configure:2815: checking whether we are cross compiling
configure:2823: ../swipl-ld.sh -o conftest    conftest.c  >&5
% /home/vsc/Yap/pl-devel/library/listing compiled into prolog_listing 0.00 sec, 37,800 bytes
% halt
configure:2827: $? = 0
configure:2834: ./conftest
configure:2838: $? = 0
configure:2853: result: no
configure:2858: checking for suffix of object files
configure:2880: ../swipl-ld.sh -c   conftest.c >&5
configure:2884: $? = 0
configure:2905: result: o
configure:2909: checking whether we are using the GNU C compiler
configure:2928: ../swipl-ld.sh -c   conftest.c >&5
configure:2928: $? = 0
configure:2937: result: yes
configure:2946: checking whether ../swipl-ld.sh accepts -g
configure:2966: ../swipl-ld.sh -c -g  conftest.c >&5
configure:2966: $? = 0
configure:3007: result: yes
configure:3024: checking for ../swipl-ld.sh option to accept ISO C89
configure:3088: ../swipl-ld.sh  -c -g -O2  conftest.c >&5
configure:3088: $? = 0
configure:3101: result: none needed
configure:3122: checking for library containing strerror
configure:3153: ../swipl-ld.sh -o conftest -g -O2   conftest.c  >&5
% /home/vsc/Yap/pl-devel/library/listing compiled into prolog_listing 0.00 sec, 37,800 bytes
% halt
configure:3153: $? = 0
configure:3170: result: none required
configure:3183: checking how to run the C preprocessor
configure:3214: ../swipl-ld.sh -E  conftest.c
configure:3214: $? = 0
configure:3228: ../swipl-ld.sh -E  conftest.c
conftest.c:9:28: error: ac_nonexistent.h: No such file or directory
gcc -E returned code 256
*** /home/vsc/Yap/pl-devel/src/../src/swipl-ld exit status 1
configure:3228: $? = 1
configure: failed program was:
| /* confdefs.h */
| #define PACKAGE_NAME ""
| #define PACKAGE_TARNAME ""
| #define PACKAGE_VERSION ""
| #define PACKAGE_STRING ""
| #define PACKAGE_BUGREPORT ""
| #define PACKAGE_URL ""
| /* end confdefs.h.  */
| #include <ac_nonexistent.h>
configure:3253: result: ../swipl-ld.sh -E
configure:3273: ../swipl-ld.sh -E  conftest.c
configure:3273: $? = 0
configure:3287: ../swipl-ld.sh -E  conftest.c
conftest.c:9:28: error: ac_nonexistent.h: No such file or directory
gcc -E returned code 256
*** /home/vsc/Yap/pl-devel/src/../src/swipl-ld exit status 1
configure:3287: $? = 1
configure: failed program was:
| /* confdefs.h */
| #define PACKAGE_NAME ""
| #define PACKAGE_TARNAME ""
| #define PACKAGE_VERSION ""
| #define PACKAGE_STRING ""
| #define PACKAGE_BUGREPORT ""
| #define PACKAGE_URL ""
| /* end confdefs.h.  */
| #include <ac_nonexistent.h>
configure:3316: checking for grep that handles long lines and -e
configure:3374: result: /bin/grep
configure:3379: checking for egrep
configure:3441: result: /bin/grep -E
configure:3446: checking for ANSI C header files
configure:3466: ../swipl-ld.sh -c -g -O2  conftest.c >&5
configure:3466: $? = 0
configure:3539: ../swipl-ld.sh -o conftest -g -O2   conftest.c  >&5
% /home/vsc/Yap/pl-devel/library/listing compiled into prolog_listing 0.00 sec, 37,800 bytes
% halt
configure:3539: $? = 0
configure:3539: ./conftest
configure:3539: $? = 0
configure:3550: result: yes
configure:3564: checking for sys/types.h
configure:3564: ../swipl-ld.sh -c -fPIC  conftest.c >&5
configure:3564: $? = 0
configure:3564: result: yes
configure:3564: checking for sys/stat.h
configure:3564: ../swipl-ld.sh -c -fPIC  conftest.c >&5
configure:3564: $? = 0
configure:3564: result: yes
configure:3564: checking for stdlib.h
configure:3564: ../swipl-ld.sh -c -fPIC  conftest.c >&5
configure:3564: $? = 0
configure:3564: result: yes
configure:3564: checking for string.h
configure:3564: ../swipl-ld.sh -c -fPIC  conftest.c >&5
configure:3564: $? = 0
configure:3564: result: yes
configure:3564: checking for memory.h
configure:3564: ../swipl-ld.sh -c -fPIC  conftest.c >&5
configure:3564: $? = 0
configure:3564: result: yes
configure:3564: checking for strings.h
configure:3564: ../swipl-ld.sh -c -fPIC  conftest.c >&5
configure:3564: $? = 0
configure:3564: result: yes
configure:3564: checking for inttypes.h
configure:3564: ../swipl-ld.sh -c -fPIC  conftest.c >&5
configure:3564: $? = 0
configure:3564: result: yes
configure:3564: checking for stdint.h
configure:3564: ../swipl-ld.sh -c -fPIC  conftest.c >&5
configure:3564: $? = 0
configure:3564: result: yes
configure:3564: checking for unistd.h
configure:3564: ../swipl-ld.sh -c -fPIC  conftest.c >&5
configure:3564: $? = 0
configure:3564: result: yes
configure:3579: checking for working alloca.h
configure:3596: ../swipl-ld.sh -o conftest -fPIC   conftest.c  >&5
% /home/vsc/Yap/pl-devel/library/listing compiled into prolog_listing 0.00 sec, 37,800 bytes
% halt
configure:3596: $? = 0
configure:3604: result: yes
configure:3612: checking for alloca
configure:3649: ../swipl-ld.sh -o conftest -fPIC   conftest.c  >&5
% /home/vsc/Yap/pl-devel/library/listing compiled into prolog_listing 0.01 sec, 37,800 bytes
% halt
configure:3649: $? = 0
configure:3657: result: yes
configure:3767: checking whether byte ordering is bigendian
configure:3782: ../swipl-ld.sh -c -fPIC  conftest.c >&5
conftest.c:22: error: expected '=', ',', ';', 'asm' or '__attribute__' before 'a'
gcc returned code 256
*** /home/vsc/Yap/pl-devel/src/../src/swipl-ld exit status 1
configure:3782: $? = 1
configure: failed program was:
| /* confdefs.h */
| #define PACKAGE_NAME ""
| #define PACKAGE_TARNAME ""
| #define PACKAGE_VERSION ""
| #define PACKAGE_STRING ""
| #define PACKAGE_BUGREPORT ""
| #define PACKAGE_URL ""
| #define STDC_HEADERS 1
| #define HAVE_SYS_TYPES_H 1
| #define HAVE_SYS_STAT_H 1
| #define HAVE_STDLIB_H 1
| #define HAVE_STRING_H 1
| #define HAVE_MEMORY_H 1
| #define HAVE_STRINGS_H 1
| #define HAVE_INTTYPES_H 1
| #define HAVE_STDINT_H 1
| #define HAVE_UNISTD_H 1
| #define HAVE_ALLOCA_H 1
| #define HAVE_ALLOCA 1
| /* end confdefs.h.  */
| #ifndef __APPLE_CC__
| 	       not a universal capable compiler
| 	     #endif
| 	     typedef int dummy;
| 
configure:3827: ../swipl-ld.sh -c -fPIC  conftest.c >&5
configure:3827: $? = 0
configure:3845: ../swipl-ld.sh -c -fPIC  conftest.c >&5
conftest.c: In function 'main':
conftest.c:28: error: 'not' undeclared (first use in this function)
conftest.c:28: error: (Each undeclared identifier is reported only once
conftest.c:28: error: for each function it appears in.)
conftest.c:28: error: expected ';' before 'big'
gcc returned code 256
*** /home/vsc/Yap/pl-devel/src/../src/swipl-ld exit status 1
configure:3845: $? = 1
configure: failed program was:
| /* confdefs.h */
| #define PACKAGE_NAME ""
| #define PACKAGE_TARNAME ""
| #define PACKAGE_VERSION ""
| #define PACKAGE_STRING ""
| #define PACKAGE_BUGREPORT ""
| #define PACKAGE_URL ""
| #define STDC_HEADERS 1
| #define HAVE_SYS_TYPES_H 1
| #define HAVE_SYS_STAT_H 1
| #define HAVE_STDLIB_H 1
| #define HAVE_STRING_H 1
| #define HAVE_MEMORY_H 1
| #define HAVE_STRINGS_H 1
| #define HAVE_INTTYPES_H 1
| #define HAVE_STDINT_H 1
| #define HAVE_UNISTD_H 1
| #define HAVE_ALLOCA_H 1
| #define HAVE_ALLOCA 1
| /* end confdefs.h.  */
| #include <sys/types.h>
| 		#include <sys/param.h>
| 
| int
| main ()
| {
| #if BYTE_ORDER != BIG_ENDIAN
| 		 not big endian
| 		#endif
| 
|   ;
|   return 0;
| }
configure:3973: result: no
configure:4105: creating ./config.status

## ---------------------- ##
## Running config.status. ##
## ---------------------- ##

This file was extended by config.status, which was
generated by GNU Autoconf 2.65.  Invocation command line was

  CONFIG_FILES    = 
  CONFIG_HEADERS  = 
  CONFIG_LINKS    = 
  CONFIG_COMMANDS = 
  $ ./config.status 

on xato

config.status:822: creating Makefile
config.status:822: creating config.h

## ---------------- ##
## Cache variables. ##
## ---------------- ##

ac_cv_c_bigendian=no
ac_cv_c_compiler_gnu=yes
ac_cv_env_CC_set=
ac_cv_env_CC_value=
ac_cv_env_CFLAGS_set=
ac_cv_env_CFLAGS_value=
ac_cv_env_CPPFLAGS_set=
ac_cv_env_CPPFLAGS_value=
ac_cv_env_CPP_set=
ac_cv_env_CPP_value=
ac_cv_env_LDFLAGS_set=
ac_cv_env_LDFLAGS_value=
ac_cv_env_LIBS_set=
ac_cv_env_LIBS_value=
ac_cv_env_build_alias_set=
ac_cv_env_build_alias_value=
ac_cv_env_host_alias_set=
ac_cv_env_host_alias_value=
ac_cv_env_target_alias_set=
ac_cv_env_target_alias_value=
ac_cv_func_alloca_works=yes
ac_cv_header_inttypes_h=yes
ac_cv_header_memory_h=yes
ac_cv_header_stdc=yes
ac_cv_header_stdint_h=yes
ac_cv_header_stdlib_h=yes
ac_cv_header_string_h=yes
ac_cv_header_strings_h=yes
ac_cv_header_sys_stat_h=yes
ac_cv_header_sys_types_h=yes
ac_cv_header_unistd_h=yes
ac_cv_objext=o
ac_cv_path_EGREP='/bin/grep -E'
ac_cv_path_GREP=/bin/grep
ac_cv_prog_CPP='../swipl-ld.sh -E'
ac_cv_prog_ETAGS=etags
ac_cv_prog_MAKE=make
ac_cv_prog_ac_ct_CC=../swipl-ld.sh
ac_cv_prog_cc_c89=
ac_cv_prog_cc_g=yes
ac_cv_search_strerror='none required'
ac_cv_working_alloca_h=yes

## ----------------- ##
## Output variables. ##
## ----------------- ##

ALLOCA=''
CC='../swipl-ld.sh'
CFLAGS='-fPIC'
CIFLAGS=''
CMFLAGS='-fPIC'
COFLAGS='-O2 -fno-strict-aliasing'
CPP='../swipl-ld.sh -E'
CPPFLAGS=''
CWFLAGS='-Wall'
DEFS='-DHAVE_CONFIG_H'
ECHO_C=''
ECHO_N='-n'
ECHO_T=''
EGREP='/bin/grep -E'
ETAGS='etags'
EXEEXT=''
GREP='/bin/grep'
INSTALL_DATA='/usr/bin/install -c -m 644'
INSTALL_PROGRAM='${INSTALL}'
INSTALL_SCRIPT='${INSTALL}'
LD='../swipl-ld.sh'
LDFLAGS=''
LDSOFLAGS='-shared'
LIBOBJS=''
LIBS=''
LTLIBOBJS=''
MAKE='make'
OBJEXT='o'
PACKAGE_BUGREPORT=''
PACKAGE_NAME=''
PACKAGE_STRING=''
PACKAGE_TARNAME=''
PACKAGE_URL=''
PACKAGE_VERSION=''
PATH_SEPARATOR=':'
PL='../swipl.sh'
PLARCH='x86_64-linux'
PLBASE='/home/vsc/Yap/pl-devel/lib/swipl-5.11.1'
PLINCL='/home/vsc/Yap/pl-devel/include'
PLLD='../swipl-ld.sh'
PLLIBS='-lgmp -lrt -lreadline -lncurses -lm -lrt -ldl '
SHELL='/bin/bash'
SO='so'
ac_ct_CC='../swipl-ld.sh'
bindir='${exec_prefix}/bin'
build_alias=''
datadir='${datarootdir}'
datarootdir='${prefix}/share'
docdir='${datarootdir}/doc/${PACKAGE}'
dvidir='${docdir}'
exec_prefix='${prefix}'
host_alias=''
htmldir='${docdir}'
includedir='${prefix}/include'
infodir='${datarootdir}/info'
libdir='${exec_prefix}/lib'
libexecdir='${exec_prefix}/libexec'
localedir='${datarootdir}/locale'
localstatedir='${prefix}/var'
mandir='${datarootdir}/man'
oldincludedir='/usr/include'
pdfdir='${docdir}'
prefix='/home/vsc/Yap/pl-devel'
program_transform_name='s,x,x,'
psdir='${docdir}'
sbindir='${exec_prefix}/sbin'
sharedstatedir='${prefix}/com'
sysconfdir='${prefix}/etc'
target_alias=''

## ----------- ##
## confdefs.h. ##
## ----------- ##

/* confdefs.h */
#define PACKAGE_NAME ""
#define PACKAGE_TARNAME ""
#define PACKAGE_VERSION ""
#define PACKAGE_STRING ""
#define PACKAGE_BUGREPORT ""
#define PACKAGE_URL ""
#define STDC_HEADERS 1
#define HAVE_SYS_TYPES_H 1
#define HAVE_SYS_STAT_H 1
#define HAVE_STDLIB_H 1
#define HAVE_STRING_H 1
#define HAVE_MEMORY_H 1
#define HAVE_STRINGS_H 1
#define HAVE_INTTYPES_H 1
#define HAVE_STDINT_H 1
#define HAVE_UNISTD_H 1
#define HAVE_ALLOCA_H 1
#define HAVE_ALLOCA 1

configure: exit 0
