#
# A fatal error has been detected by the Java Runtime Environment:
#
#  SIGSEGV (0xb) at pc=0x000000011560573e, pid=65279, tid=23299
#
# JRE version: Java(TM) SE Runtime Environment (7.0_45-b18) (build 1.7.0_45-b18)
# Java VM: Java HotSpot(TM) 64-Bit Server VM (24.45-b08 mixed mode bsd-amd64 compressed oops)
# Problematic frame:
# C  [libYap.6.dylib+0x1873e]  Yap_absmi+0x1788e
#
# Failed to write core dump. Core dumps have been disabled. To enable core dumping, try "ulimit -c unlimited" before starting Java again
#
# If you would like to submit a bug report, please visit:
#   http://bugreport.sun.com/bugreport/crash.jsp
# The crash happened outside the Java Virtual Machine in native code.
# See problematic frame for where to report the bug.
#

---------------  T H R E A D  ---------------

Current thread (0x00007fddf391c800):  JavaThread "Thread-2" [_thread_in_native, id=23299, stack(0x0000000116f0c000,0x000000011700c000)]

siginfo:si_signo=SIGSEGV: si_errno=0, si_code=1 (SEGV_MAPERR), si_addr=0x0000000000400600

Registers:
RAX=0x000000011af1ce78, RBX=0x000000011700a5b8, RCX=0x000000011af1cf20, RDX=0x000000011af1cec0
RSP=0x000000011700a4f0, RBP=0x000000011700b6e0, RSI=0x000000011700a5b8, RDI=0x0000000000000106
R8 =0x000000011af1cf20, R9 =0x000000011a81d110, R10=0x0000000000400600, R11=0xffff8023217cc5b8
R12=0x0000000000000000, R13=0x00000006fb0b1be8, R14=0x00007fddf583e000, R15=0x000000011578d7f8
RIP=0x000000011560573e, EFLAGS=0x0000000000010216, ERR=0x0000000000000004
  TRAPNO=0x000000000000000e

Top of Stack: (sp=0x000000011700a4f0)
0x000000011700a4f0:   000000011700b6f0 000000011560fae4
0x000000011700a500:   0000000801000000 4ffffffffffffff9
0x000000011700a510:   0ffffffffffffff8 fffffffffb0a16a0
0x000000011700a520:   fffffffe00000000 0000000200000000
0x000000011700a530:   0400000000000000 0200000000000000
0x000000011700a540:   00000001fb0a16a0 0000800000000000
0x000000011700a550:   8000000000000000 00007fddf583e000
0x000000011700a560:   0000000801000000 4ffffffffffffff9
0x000000011700a570:   0ffffffffffffff8 ffffffff00000000
0x000000011700a580:   fffffffee8ff5947 0000000200000000
0x000000011700a590:   0400000000000000 0200000000000000
0x000000011700a5a0:   0000000100000000 4000000000000001
0x000000011700a5b0:   0000000100000000 000000000003ffff
0x000000011700a5c0:   000000000003ffff 000000011a81d110
0x000000011700a5d0:   000000011af1d000 000000011a71d008
0x000000011700a5e0:   000000011af1d048 000000011a81d110
0x000000011700a5f0:   000000011af1ce78 4ffffffffffffff9
0x000000011700a600:   00007fddf38b7078 000000011af1cf20
0x000000011700a610:   000000011af1d000 0000000000000000
0x000000011700a620:   00007fddf46bd3f8 000000011af1ce78
0x000000011700a630:   0000000000000000 000000011af1cec0
0x000000011700a640:   000000011af1d000 000000011b11b000
0x000000011700a650:   00007fddf583f200 00007fddf584f200
0x000000011700a660:   00007fddf584f200 0000000000000000
0x000000011700a670:   00007fddf1f324f1 000000011a81d008
0x000000011700a680:   000000011af1d000 000000011af1d008
0x000000011700a690:   0000000000000000 0000000000000007
0x000000011700a6a0:   00007fddf5832800 0000000000000000
0x000000011700a6b0:   0000000000000000 00007fddf46bcf61
0x000000011700a6c0:   00007fddf46bc6b1 000000011a81d0c8
0x000000011700a6d0:   0000000000000000 0000000000000000
0x000000011700a6e0:   0000000000000000 0000000000000000 

Instructions: (pc=0x000000011560573e)
0x000000011560571e:   e8 f3 0f 7f 42 f0 4d 8b 52 08 48 89 42 a0 48 8d
0x000000011560572e:   42 b8 48 89 85 10 ef ff ff 48 89 85 48 ef ff ff
0x000000011560573e:   41 ff 22 48 8b 85 00 ef ff ff 48 39 85 68 ef ff
0x000000011560574e:   ff 0f 82 a6 08 00 00 48 8b 8d 08 ef ff ff 48 8b 

Register to memory mapping:

RAX=0x000000011af1ce78 is an unknown value
RBX=0x000000011700a5b8 is pointing into the stack for thread: 0x00007fddf391c800
RCX=0x000000011af1cf20 is an unknown value
RDX=0x000000011af1cec0 is an unknown value
RSP=0x000000011700a4f0 is pointing into the stack for thread: 0x00007fddf391c800
RBP=0x000000011700b6e0 is pointing into the stack for thread: 0x00007fddf391c800
RSI=0x000000011700a5b8 is pointing into the stack for thread: 0x00007fddf391c800
RDI=0x0000000000000106 is an unknown value
R8 =0x000000011af1cf20 is an unknown value
R9 =0x000000011a81d110 is an unknown value
R10=0x0000000000400600 is an unknown value
R11=0xffff8023217cc5b8 is an unknown value
R12=0x0000000000000000 is an unknown value
R13=0x00000006fb0b1be8 is an oop
{method} 
 - klass: {other class}
R14=0x00007fddf583e000 is an unknown value
R15=0x000000011578d7f8: Yap_yaamregs_key+0 in /usr/local/lib/libYap.6.dylib at 0x00000001155ed000


Stack: [0x0000000116f0c000,0x000000011700c000],  sp=0x000000011700a4f0,  free space=1017k
Native frames: (J=compiled Java code, j=interpreted, Vv=VM code, C=native code)
C  [libYap.6.dylib+0x1873e]  Yap_absmi+0x1788e
C  [libYap.6.dylib+0x16197b]  YAP_EnterGoal+0x9b
C  [libYap.6.dylib+0x12118b]  PL_next_solution+0x7b
C  [libjpl.dylib+0x27e0]  Java_jpl_fli_Prolog_next_1solution+0x50
j  jpl.fli.Prolog.next_solution(Ljpl/fli/qid_t;)Z+0
j  jpl.Query.get1()Z+4
j  jpl.Query.hasMoreSolutions()Z+12
j  jpl.Query.oneSolution()Ljava/util/Hashtable;+18
j  jpl.Query.hasSolution()Z+1
j  FamilyMT.run()V+114
v  ~StubRoutines::call_stub
V  [libjvm.dylib+0x2d6d90]  JavaCalls::call_helper(JavaValue*, methodHandle*, JavaCallArguments*, Thread*)+0x22a
V  [libjvm.dylib+0x2d72a7]  JavaCalls::call_virtual(JavaValue*, KlassHandle, Symbol*, Symbol*, JavaCallArguments*, Thread*)+0x11b
V  [libjvm.dylib+0x2d73e4]  JavaCalls::call_virtual(JavaValue*, Handle, KlassHandle, Symbol*, Symbol*, Thread*)+0x4a
V  [libjvm.dylib+0x3263ca]  thread_entry(JavaThread*, Thread*)+0xad
V  [libjvm.dylib+0x4efb47]  JavaThread::thread_main_inner()+0x9b
V  [libjvm.dylib+0x4f124f]  JavaThread::run()+0x1a3
V  [libjvm.dylib+0x41b1c6]  java_start(Thread*)+0x126
C  [libsystem_pthread.dylib+0x1899]  _pthread_body+0x8a
C  [libsystem_pthread.dylib+0x172a]  _pthread_struct_init+0x0
C  [libsystem_pthread.dylib+0x5fc9]  thread_start+0xd

Java frames: (J=compiled Java code, j=interpreted, Vv=VM code)
j  jpl.fli.Prolog.next_solution(Ljpl/fli/qid_t;)Z+0
j  jpl.Query.get1()Z+4
j  jpl.Query.hasMoreSolutions()Z+12
j  jpl.Query.oneSolution()Ljava/util/Hashtable;+18
j  jpl.Query.hasSolution()Z+1
j  FamilyMT.run()V+114
v  ~StubRoutines::call_stub

---------------  P R O C E S S  ---------------

Java Threads: ( => current thread )
  0x00007fddf6001800 JavaThread "DestroyJavaVM" [_thread_blocked, id=3335, stack(0x0000000103ef9000,0x0000000103ff9000)]
  0x00007fddf3059000 JavaThread "Thread-19" [_thread_in_native, id=32003, stack(0x000000011d03f000,0x000000011d13f000)]
  0x00007fddf20db800 JavaThread "Thread-18" [_thread_in_native, id=31491, stack(0x000000011cf3c000,0x000000011d03c000)]
  0x00007fddf5002000 JavaThread "Thread-17" [_thread_in_native, id=30979, stack(0x000000011ce39000,0x000000011cf39000)]
  0x00007fddf3058800 JavaThread "Thread-16" [_thread_in_native, id=30467, stack(0x000000011cd36000,0x000000011ce36000)]
  0x00007fddf6001000 JavaThread "Thread-15" [_thread_in_native, id=29955, stack(0x000000011cc33000,0x000000011cd33000)]
  0x00007fddf3920800 JavaThread "Thread-14" [_thread_in_native, id=29443, stack(0x000000011cb30000,0x000000011cc30000)]
  0x00007fddf4821000 JavaThread "Thread-13" [_thread_in_native, id=28931, stack(0x000000011ca2d000,0x000000011cb2d000)]
  0x00007fddf391f800 JavaThread "Thread-12" [_thread_in_native, id=28419, stack(0x000000011c92a000,0x000000011ca2a000)]
  0x00007fddf3057800 JavaThread "Thread-11" [_thread_in_native, id=27907, stack(0x000000011c827000,0x000000011c927000)]
  0x00007fddf284b800 JavaThread "Thread-10" [_thread_in_native, id=27395, stack(0x000000011c724000,0x000000011c824000)]
  0x00007fddf3057000 JavaThread "Thread-9" [_thread_in_native, id=26883, stack(0x000000011bc21000,0x000000011bd21000)]
  0x00007fddf6000000 JavaThread "Thread-8" [_thread_in_Java, id=26371, stack(0x000000011b11e000,0x000000011b21e000)]
  0x00007fddf4820800 JavaThread "Thread-7" [_thread_in_vm, id=25859, stack(0x000000011a61b000,0x000000011a71b000)]
  0x00007fddf481f800 JavaThread "Thread-6" [_thread_in_native, id=25347, stack(0x0000000119b18000,0x0000000119c18000)]
  0x00007fddf391f000 JavaThread "Thread-5" [_thread_in_native, id=24835, stack(0x0000000119015000,0x0000000119115000)]
  0x00007fddf391e000 JavaThread "Thread-4" [_thread_in_Java, id=24323, stack(0x0000000118512000,0x0000000118612000)]
  0x00007fddf391d800 JavaThread "Thread-3" [_thread_in_native, id=23811, stack(0x0000000117a0f000,0x0000000117b0f000)]
=>0x00007fddf391c800 JavaThread "Thread-2" [_thread_in_native, id=23299, stack(0x0000000116f0c000,0x000000011700c000)]
  0x00007fddf391c000 JavaThread "Thread-1" [_thread_in_native, id=22787, stack(0x0000000116407000,0x0000000116507000)]
  0x00007fddf38a3800 JavaThread "Thread-0" [_thread_in_native, id=22275, stack(0x0000000116304000,0x0000000116404000)]
  0x00007fddf3847800 JavaThread "Service Thread" daemon [_thread_blocked, id=21251, stack(0x00000001152c1000,0x00000001153c1000)]
  0x00007fddf302e000 JavaThread "C2 CompilerThread1" daemon [_thread_blocked, id=20739, stack(0x00000001151be000,0x00000001152be000)]
  0x00007fddf302c800 JavaThread "C2 CompilerThread0" daemon [_thread_blocked, id=20227, stack(0x00000001150bb000,0x00000001151bb000)]
  0x00007fddf301d000 JavaThread "Signal Dispatcher" daemon [_thread_blocked, id=19715, stack(0x0000000114fb8000,0x00000001150b8000)]
  0x00007fddf4802000 JavaThread "Finalizer" daemon [_thread_blocked, id=14595, stack(0x0000000114d69000,0x0000000114e69000)]
  0x00007fddf2802000 JavaThread "Reference Handler" daemon [_thread_blocked, id=14083, stack(0x0000000114c66000,0x0000000114d66000)]

Other Threads:
  0x00007fddf383e800 VMThread [stack: 0x0000000114b63000,0x0000000114c63000] [id=13571]
  0x00007fddf386a000 WatcherThread [stack: 0x00000001153c4000,0x00000001154c4000] [id=21763]

VM state:not at safepoint (normal execution)

VM Mutex/Monitor currently owned by a thread: None

Heap
 PSYoungGen      total 76800K, used 29064K [0x00000007aaa80000, 0x00000007b0000000, 0x0000000800000000)
  eden space 66048K, 44% used [0x00000007aaa80000,0x00000007ac6e2310,0x00000007aeb00000)
  from space 10752K, 0% used [0x00000007af580000,0x00000007af580000,0x00000007b0000000)
  to   space 10752K, 0% used [0x00000007aeb00000,0x00000007aeb00000,0x00000007af580000)
 ParOldGen       total 174592K, used 0K [0x0000000700000000, 0x000000070aa80000, 0x00000007aaa80000)
  object space 174592K, 0% used [0x0000000700000000,0x0000000700000000,0x000000070aa80000)
 PSPermGen       total 21504K, used 2803K [0x00000006fae00000, 0x00000006fc300000, 0x0000000700000000)
  object space 21504K, 13% used [0x00000006fae00000,0x00000006fb0bcfe8,0x00000006fc300000)

Card table byte_map: [0x0000000108b61000,0x000000010938b000] byte_map_base: 0x000000010538a000

Polling page: 0x0000000103ffb000

Code Cache  [0x0000000105aa1000, 0x0000000105d11000, 0x0000000108aa1000)
 total_blobs=188 nmethods=4 adapters=139 free_code_cache=48763Kb largest_free_block=49916480

Compilation events (6 events):
Event: 0.067 Thread 0x00007fddf302c800    1             java.lang.String::indexOf (70 bytes)
Event: 0.068 Thread 0x00007fddf302e000    2             java.lang.String::hashCode (55 bytes)
Event: 0.073 Thread 0x00007fddf302c800 nmethod 1 0x0000000105b061d0 code [0x0000000105b06320, 0x0000000105b064c8]
Event: 0.073 Thread 0x00007fddf302e000 nmethod 2 0x0000000105b02a50 code [0x0000000105b02ba0, 0x0000000105b02d18]
Event: 0.082 Thread 0x00007fddf302c800    3             sun.nio.cs.UTF_8$Encoder::encode (361 bytes)
Event: 0.087 Thread 0x00007fddf302c800 nmethod 3 0x0000000105b00350 code [0x0000000105b004c0, 0x0000000105b009e8]

GC Heap History (0 events):
No events

Deoptimization events (0 events):
No events

Internal exceptions (10 events):
Event: 0.092 Thread 0x00007fddf3001800 Threw 0x00000007aab8f610 at /HUDSON/workspace/7u-2-build-macosx-x86_64/jdk7u45/229/hotspot/src/share/vm/prims/jvm.cpp:1244
Event: 0.092 Thread 0x00007fddf3001800 Threw 0x00000007aab92458 at /HUDSON/workspace/7u-2-build-macosx-x86_64/jdk7u45/229/hotspot/src/share/vm/prims/jvm.cpp:1244
Event: 0.092 Thread 0x00007fddf3001800 Threw 0x00000007aab950d8 at /HUDSON/workspace/7u-2-build-macosx-x86_64/jdk7u45/229/hotspot/src/share/vm/prims/jvm.cpp:1244
Event: 0.093 Thread 0x00007fddf3001800 Threw 0x00000007aab97dc0 at /HUDSON/workspace/7u-2-build-macosx-x86_64/jdk7u45/229/hotspot/src/share/vm/prims/jvm.cpp:1244
Event: 0.093 Thread 0x00007fddf3001800 Threw 0x00000007aab9ab08 at /HUDSON/workspace/7u-2-build-macosx-x86_64/jdk7u45/229/hotspot/src/share/vm/prims/jvm.cpp:1244
Event: 0.093 Thread 0x00007fddf3001800 Threw 0x00000007aab9da20 at /HUDSON/workspace/7u-2-build-macosx-x86_64/jdk7u45/229/hotspot/src/share/vm/prims/jvm.cpp:1244
Event: 0.094 Thread 0x00007fddf3001800 Threw 0x00000007aaba0960 at /HUDSON/workspace/7u-2-build-macosx-x86_64/jdk7u45/229/hotspot/src/share/vm/prims/jvm.cpp:1244
Event: 0.094 Thread 0x00007fddf3001800 Threw 0x00000007aaba38c8 at /HUDSON/workspace/7u-2-build-macosx-x86_64/jdk7u45/229/hotspot/src/share/vm/prims/jvm.cpp:1244
Event: 0.095 Thread 0x00007fddf3001800 Threw 0x00000007aaba68b0 at /HUDSON/workspace/7u-2-build-macosx-x86_64/jdk7u45/229/hotspot/src/share/vm/prims/jvm.cpp:1244
Event: 0.095 Thread 0x00007fddf3001800 Threw 0x00000007aaba9858 at /HUDSON/workspace/7u-2-build-macosx-x86_64/jdk7u45/229/hotspot/src/share/vm/prims/jvm.cpp:1244

Events (10 events):
Event: 0.124 Thread 0x00007fddf4820800 Thread added: 0x00007fddf4820800
Event: 0.125 Thread 0x00007fddf6000000 Thread added: 0x00007fddf6000000
Event: 0.125 Thread 0x00007fddf3057000 Thread added: 0x00007fddf3057000
Event: 0.125 Thread 0x00007fddf284b800 Thread added: 0x00007fddf284b800
Event: 0.125 Thread 0x00007fddf3057800 Thread added: 0x00007fddf3057800
Event: 0.125 Thread 0x00007fddf391f800 Thread added: 0x00007fddf391f800
Event: 0.125 Thread 0x00007fddf4821000 Thread added: 0x00007fddf4821000
Event: 0.125 Thread 0x00007fddf3920800 Thread added: 0x00007fddf3920800
Event: 0.126 Thread 0x00007fddf6001000 Thread added: 0x00007fddf6001000
Event: 0.126 Thread 0x00007fddf3058800 Thread added: 0x00007fddf3058800


Dynamic libraries:
0x000000000301a000 	/System/Library/Frameworks/Cocoa.framework/Versions/A/Cocoa
0x000000000301a000 	/System/Library/Frameworks/Security.framework/Versions/A/Security
0x000000000301a000 	/System/Library/Frameworks/ApplicationServices.framework/Versions/A/ApplicationServices
0x000000000301a000 	/usr/lib/libz.1.dylib
0x000000000301a000 	/usr/lib/libSystem.B.dylib
0x000000000301a000 	/usr/lib/libobjc.A.dylib
0x000000000301a000 	/System/Library/Frameworks/CoreFoundation.framework/Versions/A/CoreFoundation
0x000000000301a000 	/System/Library/Frameworks/Foundation.framework/Versions/C/Foundation
0x000000000301a000 	/System/Library/Frameworks/AppKit.framework/Versions/C/AppKit
0x000000000301a000 	/System/Library/Frameworks/CoreData.framework/Versions/A/CoreData
0x000000000301a000 	/System/Library/PrivateFrameworks/RemoteViewServices.framework/Versions/A/RemoteViewServices
0x000000000301a000 	/System/Library/Frameworks/AudioToolbox.framework/Versions/A/AudioToolbox
0x000000000301a000 	/System/Library/Frameworks/AudioUnit.framework/Versions/A/AudioUnit
0x000000000301a000 	/System/Library/PrivateFrameworks/DataDetectorsCore.framework/Versions/A/DataDetectorsCore
0x000000000301a000 	/System/Library/PrivateFrameworks/DesktopServicesPriv.framework/Versions/A/DesktopServicesPriv
0x000000000301a000 	/System/Library/Frameworks/Carbon.framework/Versions/A/Frameworks/HIToolbox.framework/Versions/A/HIToolbox
0x000000000301a000 	/System/Library/Frameworks/QuartzCore.framework/Versions/A/QuartzCore
0x000000000301a000 	/System/Library/Frameworks/Carbon.framework/Versions/A/Frameworks/SpeechRecognition.framework/Versions/A/SpeechRecognition
0x000000000301a000 	/usr/lib/libauto.dylib
0x000000000301a000 	/usr/lib/libicucore.A.dylib
0x000000000301a000 	/usr/lib/libxml2.2.dylib
0x000000000301a000 	/System/Library/PrivateFrameworks/CoreUI.framework/Versions/A/CoreUI
0x000000000301a000 	/System/Library/Frameworks/CoreAudio.framework/Versions/A/CoreAudio
0x000000000301a000 	/System/Library/Frameworks/DiskArbitration.framework/Versions/A/DiskArbitration
0x000000000301a000 	/usr/lib/liblangid.dylib
0x000000000301a000 	/System/Library/PrivateFrameworks/MultitouchSupport.framework/Versions/A/MultitouchSupport
0x000000000301a000 	/System/Library/Frameworks/IOKit.framework/Versions/A/IOKit
0x000000000301a000 	/usr/lib/libDiagnosticMessagesClient.dylib
0x000000000301a000 	/System/Library/Frameworks/CoreServices.framework/Versions/A/CoreServices
0x000000000301a000 	/System/Library/PrivateFrameworks/PerformanceAnalysis.framework/Versions/A/PerformanceAnalysis
0x000000000301a000 	/System/Library/PrivateFrameworks/GenerationalStorage.framework/Versions/A/GenerationalStorage
0x000000000301a000 	/System/Library/Frameworks/OpenGL.framework/Versions/A/OpenGL
0x000000000301a000 	/System/Library/PrivateFrameworks/Sharing.framework/Versions/A/Sharing
0x000000000301a000 	/System/Library/Frameworks/ImageIO.framework/Versions/A/ImageIO
0x000000000301a000 	/System/Library/Frameworks/CoreText.framework/Versions/A/CoreText
0x000000000301a000 	/System/Library/Frameworks/CoreGraphics.framework/Versions/A/CoreGraphics
0x000000000301a000 	/System/Library/PrivateFrameworks/Backup.framework/Versions/A/Backup
0x000000000301a000 	/System/Library/Frameworks/CFNetwork.framework/Versions/A/CFNetwork
0x000000000301a000 	/System/Library/Frameworks/SystemConfiguration.framework/Versions/A/SystemConfiguration
0x000000000301a000 	/usr/lib/libCRFSuite.dylib
0x000000000301a000 	/usr/lib/libc++.1.dylib
0x000000000301a000 	/usr/lib/libc++abi.dylib
0x000000000301a000 	/usr/lib/system/libcache.dylib
0x000000000301a000 	/usr/lib/system/libcommonCrypto.dylib
0x000000000301a000 	/usr/lib/system/libcompiler_rt.dylib
0x000000000301a000 	/usr/lib/system/libcopyfile.dylib
0x000000000301a000 	/usr/lib/system/libcorecrypto.dylib
0x000000000301a000 	/usr/lib/system/libdispatch.dylib
0x000000000301a000 	/usr/lib/system/libdyld.dylib
0x000000000301a000 	/usr/lib/system/libkeymgr.dylib
0x000000000301a000 	/usr/lib/system/liblaunch.dylib
0x000000000301a000 	/usr/lib/system/libmacho.dylib
0x000000000301a000 	/usr/lib/system/libquarantine.dylib
0x000000000301a000 	/usr/lib/system/libremovefile.dylib
0x000000000301a000 	/usr/lib/system/libsystem_asl.dylib
0x000000000301a000 	/usr/lib/system/libsystem_blocks.dylib
0x000000000301a000 	/usr/lib/system/libsystem_c.dylib
0x000000000301a000 	/usr/lib/system/libsystem_configuration.dylib
0x000000000301a000 	/usr/lib/system/libsystem_dnssd.dylib
0x000000000301a000 	/usr/lib/system/libsystem_info.dylib
0x000000000301a000 	/usr/lib/system/libsystem_kernel.dylib
0x000000000301a000 	/usr/lib/system/libsystem_m.dylib
0x000000000301a000 	/usr/lib/system/libsystem_malloc.dylib
0x000000000301a000 	/usr/lib/system/libsystem_network.dylib
0x000000000301a000 	/usr/lib/system/libsystem_notify.dylib
0x000000000301a000 	/usr/lib/system/libsystem_platform.dylib
0x000000000301a000 	/usr/lib/system/libsystem_pthread.dylib
0x000000000301a000 	/usr/lib/system/libsystem_sandbox.dylib
0x000000000301a000 	/usr/lib/system/libsystem_stats.dylib
0x000000000301a000 	/usr/lib/system/libunc.dylib
0x000000000301a000 	/usr/lib/system/libunwind.dylib
0x000000000301a000 	/usr/lib/system/libxpc.dylib
0x000000000301a000 	/usr/lib/libbsm.0.dylib
0x000000000301a000 	/usr/lib/libsqlite3.dylib
0x000000000301a000 	/usr/lib/libxar.1.dylib
0x000000000301a000 	/usr/lib/libpam.2.dylib
0x000000000301a000 	/usr/lib/libOpenScriptingUtil.dylib
0x000000000301a000 	/usr/lib/libbz2.1.0.dylib
0x000000000301a000 	/System/Library/Frameworks/CoreServices.framework/Versions/A/Frameworks/CarbonCore.framework/Versions/A/CarbonCore
0x000000000301a000 	/System/Library/Frameworks/CoreServices.framework/Versions/A/Frameworks/Metadata.framework/Versions/A/Metadata
0x000000000301a000 	/System/Library/Frameworks/CoreServices.framework/Versions/A/Frameworks/OSServices.framework/Versions/A/OSServices
0x000000000301a000 	/System/Library/Frameworks/CoreServices.framework/Versions/A/Frameworks/SearchKit.framework/Versions/A/SearchKit
0x000000000301a000 	/System/Library/Frameworks/CoreServices.framework/Versions/A/Frameworks/AE.framework/Versions/A/AE
0x000000000301a000 	/System/Library/Frameworks/CoreServices.framework/Versions/A/Frameworks/LaunchServices.framework/Versions/A/LaunchServices
0x000000000301a000 	/System/Library/Frameworks/CoreServices.framework/Versions/A/Frameworks/DictionaryServices.framework/Versions/A/DictionaryServices
0x000000000301a000 	/System/Library/Frameworks/NetFS.framework/Versions/A/NetFS
0x000000000301a000 	/usr/lib/system/libkxld.dylib
0x000000000301a000 	/System/Library/PrivateFrameworks/NetAuth.framework/Versions/A/NetAuth
0x000000000301a000 	/System/Library/PrivateFrameworks/TCC.framework/Versions/A/TCC
0x000000000301a000 	/System/Library/Frameworks/OpenDirectory.framework/Versions/A/Frameworks/CFOpenDirectory.framework/Versions/A/CFOpenDirectory
0x000000000301a000 	/System/Library/Frameworks/ServiceManagement.framework/Versions/A/ServiceManagement
0x000000000301a000 	/usr/lib/libxslt.1.dylib
0x000000000301a000 	/System/Library/Frameworks/Carbon.framework/Versions/A/Frameworks/Ink.framework/Versions/A/Ink
0x000000000301a000 	/System/Library/Frameworks/ApplicationServices.framework/Versions/A/Frameworks/ATS.framework/Versions/A/ATS
0x000000000301a000 	/System/Library/Frameworks/ApplicationServices.framework/Versions/A/Frameworks/ColorSync.framework/Versions/A/ColorSync
0x000000000301a000 	/System/Library/Frameworks/ApplicationServices.framework/Versions/A/Frameworks/HIServices.framework/Versions/A/HIServices
0x000000000301a000 	/System/Library/Frameworks/ApplicationServices.framework/Versions/A/Frameworks/LangAnalysis.framework/Versions/A/LangAnalysis
0x000000000301a000 	/System/Library/Frameworks/ApplicationServices.framework/Versions/A/Frameworks/PrintCore.framework/Versions/A/PrintCore
0x000000000301a000 	/System/Library/Frameworks/ApplicationServices.framework/Versions/A/Frameworks/QD.framework/Versions/A/QD
0x000000000301a000 	/System/Library/Frameworks/ApplicationServices.framework/Versions/A/Frameworks/SpeechSynthesis.framework/Versions/A/SpeechSynthesis
0x000000000301a000 	/System/Library/Frameworks/IOSurface.framework/Versions/A/IOSurface
0x000000000301a000 	/System/Library/Frameworks/Accelerate.framework/Versions/A/Accelerate
0x000000000301a000 	/System/Library/Frameworks/Accelerate.framework/Versions/A/Frameworks/vImage.framework/Versions/A/vImage
0x000000000301a000 	/System/Library/Frameworks/Accelerate.framework/Versions/A/Frameworks/vecLib.framework/Versions/A/vecLib
0x000000000301a000 	/System/Library/Frameworks/Accelerate.framework/Versions/A/Frameworks/vecLib.framework/Versions/A/libvDSP.dylib
0x000000000301a000 	/System/Library/Frameworks/Accelerate.framework/Versions/A/Frameworks/vecLib.framework/Versions/A/libvMisc.dylib
0x000000000301a000 	/System/Library/Frameworks/Accelerate.framework/Versions/A/Frameworks/vecLib.framework/Versions/A/libLAPACK.dylib
0x000000000301a000 	/System/Library/Frameworks/Accelerate.framework/Versions/A/Frameworks/vecLib.framework/Versions/A/libBLAS.dylib
0x000000000301a000 	/System/Library/Frameworks/ApplicationServices.framework/Versions/A/Frameworks/ATS.framework/Versions/A/Resources/libFontParser.dylib
0x000000000301a000 	/System/Library/Frameworks/ApplicationServices.framework/Versions/A/Frameworks/ATS.framework/Versions/A/Resources/libFontRegistry.dylib
0x000000000301a000 	/System/Library/Frameworks/ImageIO.framework/Versions/A/Resources/libJPEG.dylib
0x000000000301a000 	/System/Library/Frameworks/ImageIO.framework/Versions/A/Resources/libTIFF.dylib
0x000000000301a000 	/System/Library/Frameworks/ImageIO.framework/Versions/A/Resources/libPng.dylib
0x000000000301a000 	/System/Library/Frameworks/ImageIO.framework/Versions/A/Resources/libGIF.dylib
0x000000000301a000 	/System/Library/Frameworks/ImageIO.framework/Versions/A/Resources/libJP2.dylib
0x000000000301a000 	/System/Library/Frameworks/ImageIO.framework/Versions/A/Resources/libRadiance.dylib
0x000000000301a000 	/usr/lib/libcups.2.dylib
0x000000000301a000 	/System/Library/Frameworks/Kerberos.framework/Versions/A/Kerberos
0x000000000301a000 	/System/Library/Frameworks/GSS.framework/Versions/A/GSS
0x000000000301a000 	/usr/lib/libresolv.9.dylib
0x000000000301a000 	/usr/lib/libiconv.2.dylib
0x000000000301a000 	/System/Library/PrivateFrameworks/Heimdal.framework/Versions/A/Heimdal
0x000000000301a000 	/System/Library/PrivateFrameworks/TrustEvaluationAgent.framework/Versions/A/TrustEvaluationAgent
0x000000000301a000 	/usr/lib/libheimdal-asn1.dylib
0x000000000301a000 	/System/Library/Frameworks/OpenDirectory.framework/Versions/A/OpenDirectory
0x000000000301a000 	/System/Library/PrivateFrameworks/CommonAuth.framework/Versions/A/CommonAuth
0x000000000301a000 	/System/Library/Frameworks/SecurityFoundation.framework/Versions/A/SecurityFoundation
0x000000000301a000 	/System/Library/PrivateFrameworks/Bom.framework/Versions/A/Bom
0x000000000301a000 	/System/Library/Frameworks/CoreVideo.framework/Versions/A/CoreVideo
0x000000000301a000 	/System/Library/Frameworks/QuartzCore.framework/Versions/A/Frameworks/CoreImage.framework/Versions/A/CoreImage
0x000000000301a000 	/System/Library/Frameworks/QuartzCore.framework/Versions/A/Frameworks/ScalableUserInterface.framework/Versions/A/ScalableUserInterface
0x000000000301a000 	/System/Library/Frameworks/OpenGL.framework/Versions/A/Libraries/libGLU.dylib
0x000000000301a000 	/System/Library/Frameworks/OpenGL.framework/Versions/A/Libraries/libGFXShared.dylib
0x000000000301a000 	/System/Library/Frameworks/OpenGL.framework/Versions/A/Libraries/libGL.dylib
0x000000000301a000 	/System/Library/Frameworks/OpenGL.framework/Versions/A/Libraries/libGLImage.dylib
0x000000000301a000 	/System/Library/Frameworks/OpenGL.framework/Versions/A/Libraries/libCVMSPluginSupport.dylib
0x000000000301a000 	/System/Library/Frameworks/OpenGL.framework/Versions/A/Libraries/libCoreVMClient.dylib
0x000000000301a000 	/System/Library/PrivateFrameworks/FaceCore.framework/Versions/A/FaceCore
0x000000000301a000 	/System/Library/PrivateFrameworks/CrashReporterSupport.framework/Versions/A/CrashReporterSupport
0x000000000301a000 	/System/Library/Frameworks/OpenCL.framework/Versions/A/OpenCL
0x000000000301a000 	/System/Library/PrivateFrameworks/AppleFSCompression.framework/Versions/A/AppleFSCompression
0x000000000301a000 	/System/Library/PrivateFrameworks/Ubiquity.framework/Versions/A/Ubiquity
0x000000000301a000 	/System/Library/PrivateFrameworks/IconServices.framework/Versions/A/IconServices
0x000000000301a000 	/System/Library/PrivateFrameworks/ChunkingLibrary.framework/Versions/A/ChunkingLibrary
0x000000000301a000 	/System/Library/PrivateFrameworks/CoreSymbolication.framework/Versions/A/CoreSymbolication
0x000000000301a000 	/System/Library/PrivateFrameworks/Symbolication.framework/Versions/A/Symbolication
0x000000000301a000 	/System/Library/PrivateFrameworks/DebugSymbols.framework/Versions/A/DebugSymbols
0x0000000105000000 	/Library/Java/JavaVirtualMachines/jdk1.7.0_45.jdk/Contents/Home/jre/lib/server/libjvm.dylib
0x000000000301a000 	/usr/lib/libstdc++.6.dylib
0x0000000105a53000 	/Library/Java/JavaVirtualMachines/jdk1.7.0_45.jdk/Contents/Home/jre/lib/libverify.dylib
0x0000000105a60000 	/Library/Java/JavaVirtualMachines/jdk1.7.0_45.jdk/Contents/Home/jre/lib/libjava.dylib
0x0000000105a98000 	/Library/Java/JavaVirtualMachines/jdk1.7.0_45.jdk/Contents/Home/jre/lib/libzip.dylib
0x0000000114e6b000 	/System/Library/Frameworks/JavaVM.framework/Frameworks/JavaRuntimeSupport.framework/JavaRuntimeSupport
0x0000000114e83000 	/System/Library/Frameworks/JavaVM.framework/Versions/A/Frameworks/JavaNativeFoundation.framework/Versions/A/JavaNativeFoundation
0x0000000114e98000 	/System/Library/Frameworks/JavaVM.framework/Versions/A/JavaVM
0x000000000301a000 	/System/Library/Frameworks/Carbon.framework/Versions/A/Carbon
0x0000000114ea5000 	/System/Library/PrivateFrameworks/JavaLaunching.framework/Versions/A/JavaLaunching
0x000000000301a000 	/System/Library/Frameworks/Carbon.framework/Versions/A/Frameworks/CommonPanels.framework/Versions/A/CommonPanels
0x000000000301a000 	/System/Library/Frameworks/Carbon.framework/Versions/A/Frameworks/Help.framework/Versions/A/Help
0x000000000301a000 	/System/Library/Frameworks/Carbon.framework/Versions/A/Frameworks/ImageCapture.framework/Versions/A/ImageCapture
0x000000000301a000 	/System/Library/Frameworks/Carbon.framework/Versions/A/Frameworks/OpenScripting.framework/Versions/A/OpenScripting
0x000000000301a000 	/System/Library/Frameworks/Carbon.framework/Versions/A/Frameworks/Print.framework/Versions/A/Print
0x000000000301a000 	/System/Library/Frameworks/Carbon.framework/Versions/A/Frameworks/SecurityHI.framework/Versions/A/SecurityHI
0x000000011552a000 	/usr/local/lib/Yap/libjpl.dylib
0x0000000115543000 	/usr/local/opt/readline/lib/libreadline.6.dylib
0x000000000301a000 	/usr/lib/libncurses.5.4.dylib
0x000000011557a000 	/usr/local/lib/libgmp.10.dylib
0x00000001155ed000 	/usr/local/lib/libYap.6.dylib

VM Arguments:
jvm_args: -Djava.library.path=/usr/local/lib/Yap 
java_command: FamilyMT
Launcher Type: SUN_STANDARD

Environment Variables:
CLASSPATH=.:/usr/local/share/Yap/jpl/jpl.jar
PATH=/usr/bin:/bin:/usr/sbin:/sbin:/usr/local/bin:/opt/X11/bin:/usr/texbin
LD_LIBRARY_PATH=/usr/local/lib/Yap
SHELL=/bin/bash
DISPLAY=/tmp/launch-Js9YCZ/org.macosforge.xquartz:0
DYLD_FALLBACK_LIBRARY_PATH=/usr/X11/lib:/usr/lib::

Signal Handlers:
SIGSEGV: [libjvm.dylib+0x525415], sa_mask[0]=0xfffefeff, sa_flags=0x00000043
SIGBUS: [libjvm.dylib+0x525415], sa_mask[0]=0xfffefeff, sa_flags=0x00000042
SIGFPE: [libjvm.dylib+0x41891a], sa_mask[0]=0xfffefeff, sa_flags=0x00000042
SIGPIPE: [libjvm.dylib+0x41891a], sa_mask[0]=0xfffefeff, sa_flags=0x00000042
SIGXFSZ: [libjvm.dylib+0x41891a], sa_mask[0]=0xfffefeff, sa_flags=0x00000042
SIGILL: [libjvm.dylib+0x41891a], sa_mask[0]=0xfffefeff, sa_flags=0x00000042
SIGUSR1: SIG_DFL, sa_mask[0]=0x63807efb, sa_flags=0x00000000
SIGUSR2: [libjvm.dylib+0x41840c], sa_mask[0]=0x00000000, sa_flags=0x00000042
SIGHUP: [libjvm.dylib+0x41669b], sa_mask[0]=0xfffefeff, sa_flags=0x00000042
SIGINT: [libjvm.dylib+0x41669b], sa_mask[0]=0xfffefeff, sa_flags=0x00000042
SIGTERM: [libjvm.dylib+0x41669b], sa_mask[0]=0xfffefeff, sa_flags=0x00000042
SIGQUIT: [libjvm.dylib+0x41669b], sa_mask[0]=0xfffefeff, sa_flags=0x00000042


---------------  S Y S T E M  ---------------

OS:Bsduname:Darwin 13.4.0 Darwin Kernel Version 13.4.0: Sun Aug 17 19:50:11 PDT 2014; root:xnu-2422.115.4~1/RELEASE_X86_64 x86_64
rlimit: STACK 8192k, CORE 0k, NPROC 709, NOFILE 10240, AS infinity
load average:1.09 1.27 1.38

CPU:total 8 (4 cores per cpu, 2 threads per core) family 6 model 58 stepping 9, cmov, cx8, fxsr, mmx, sse, sse2, sse3, ssse3, sse4.1, sse4.2, popcnt, avx, aes, erms, ht, tsc, tscinvbit, tscinv

Memory: 4k page, physical 16777216k(4194304k free)

/proc/meminfo:


vm_info: Java HotSpot(TM) 64-Bit Server VM (24.45-b08) for bsd-amd64 JRE (1.7.0_45-b18), built on Oct  8 2013 05:54:16 by "java_re" with gcc 4.2.1 (Based on Apple Inc. build 5658) (LLVM build 2336.11.00)

time: Mon Oct 13 07:11:42 2014
elapsed time: 0 seconds

