This file contains any messages produced by compilers while
running configure, to aid debugging if configure makes a mistake.

It was created by configure, which was
generated by GNU Autoconf 2.65.  Invocation command line was

  $ configure 

## --------- ##
## Platform. ##
## --------- ##

hostname = xato
uname -m = x86_64
uname -r = 2.6.32-22-generic
uname -s = Linux
uname -v = #33-Ubuntu SMP Wed Apr 28 13:28:05 UTC 2010

/usr/bin/uname -p = unknown
/bin/uname -X     = unknown

/bin/arch              = unknown
/usr/bin/arch -k       = unknown
/usr/convex/getsysinfo = unknown
/usr/bin/hostinfo      = unknown
/bin/machine           = unknown
/usr/bin/oslevel       = unknown
/bin/universe          = unknown

PATH: /home/vsc/Yap/Prologs/pl-devel/bin
PATH: /home/vsc/bin
PATH: /usr/local/sbin
PATH: /usr/local/bin
PATH: /usr/sbin
PATH: /usr/bin
PATH: /sbin
PATH: /bin
PATH: /usr/games
PATH: /home/vsc/lgtsvn/xml
PATH: /home/vsc/lgtsvn/scripts
PATH: /home/vsc/lgtsvn/integration


## ----------- ##
## Core tests. ##
## ----------- ##

configure:2158: checking for gcc
configure:2185: result: ../../../swipl-ld.sh
configure:2414: checking for C compiler version
configure:2423: ../../../swipl-ld.sh --version >&5
gcc (Ubuntu 4.4.3-4ubuntu5) 4.4.3
Copyright (C) 2009 Free Software Foundation, Inc.
This is free software; see the source for copying conditions.  There is NO
warranty; not even for MERCHANTABILITY or FITNESS FOR A PARTICULAR PURPOSE.

configure:2434: $? = 0
configure:2423: ../../../swipl-ld.sh -v >&5
Using built-in specs.
Target: x86_64-linux-gnu
Configured with: ../src/configure -v --with-pkgversion='Ubuntu 4.4.3-4ubuntu5' --with-bugurl=file:///usr/share/doc/gcc-4.4/README.Bugs --enable-languages=c,c++,fortran,objc,obj-c++ --prefix=/usr --enable-shared --enable-multiarch --enable-linker-build-id --with-system-zlib --libexecdir=/usr/lib --without-included-gettext --enable-threads=posix --with-gxx-include-dir=/usr/include/c++/4.4 --program-suffix=-4.4 --enable-nls --enable-clocale=gnu --enable-libstdcxx-debug --enable-plugin --enable-objc-gc --disable-werror --with-arch-32=i486 --with-tune=generic --enable-checking=release --build=x86_64-linux-gnu --host=x86_64-linux-gnu --target=x86_64-linux-gnu
Thread model: posix
gcc version 4.4.3 (Ubuntu 4.4.3-4ubuntu5) 
configure:2434: $? = 0
configure:2423: ../../../swipl-ld.sh -V >&5
/usr/bin/ld: /usr/lib/debug/usr/lib/crt1.o(.debug_info): relocation 0 has invalid symbol index 11
/usr/bin/ld: /usr/lib/debug/usr/lib/crt1.o(.debug_info): relocation 1 has invalid symbol index 12
/usr/bin/ld: /usr/lib/debug/usr/lib/crt1.o(.debug_info): relocation 2 has invalid symbol index 2
/usr/bin/ld: /usr/lib/debug/usr/lib/crt1.o(.debug_info): relocation 3 has invalid symbol index 2
/usr/bin/ld: /usr/lib/debug/usr/lib/crt1.o(.debug_info): relocation 4 has invalid symbol index 11
/usr/bin/ld: /usr/lib/debug/usr/lib/crt1.o(.debug_info): relocation 5 has invalid symbol index 13
/usr/bin/ld: /usr/lib/debug/usr/lib/crt1.o(.debug_info): relocation 6 has invalid symbol index 13
/usr/bin/ld: /usr/lib/debug/usr/lib/crt1.o(.debug_info): relocation 7 has invalid symbol index 13
/usr/bin/ld: /usr/lib/debug/usr/lib/crt1.o(.debug_info): relocation 8 has invalid symbol index 2
/usr/bin/ld: /usr/lib/debug/usr/lib/crt1.o(.debug_info): relocation 9 has invalid symbol index 2
... rest of stderr output deleted ...
configure:2434: $? = 1
configure:2423: ../../../swipl-ld.sh -qversion >&5
/usr/bin/ld: /usr/lib/debug/usr/lib/crt1.o(.debug_info): relocation 0 has invalid symbol index 11
/usr/bin/ld: /usr/lib/debug/usr/lib/crt1.o(.debug_info): relocation 1 has invalid symbol index 12
/usr/bin/ld: /usr/lib/debug/usr/lib/crt1.o(.debug_info): relocation 2 has invalid symbol index 2
/usr/bin/ld: /usr/lib/debug/usr/lib/crt1.o(.debug_info): relocation 3 has invalid symbol index 2
/usr/bin/ld: /usr/lib/debug/usr/lib/crt1.o(.debug_info): relocation 4 has invalid symbol index 11
/usr/bin/ld: /usr/lib/debug/usr/lib/crt1.o(.debug_info): relocation 5 has invalid symbol index 13
/usr/bin/ld: /usr/lib/debug/usr/lib/crt1.o(.debug_info): relocation 6 has invalid symbol index 13
/usr/bin/ld: /usr/lib/debug/usr/lib/crt1.o(.debug_info): relocation 7 has invalid symbol index 13
/usr/bin/ld: /usr/lib/debug/usr/lib/crt1.o(.debug_info): relocation 8 has invalid symbol index 2
/usr/bin/ld: /usr/lib/debug/usr/lib/crt1.o(.debug_info): relocation 9 has invalid symbol index 2
... rest of stderr output deleted ...
configure:2434: $? = 1
configure:2454: checking whether the C compiler works
configure:2476: ../../../swipl-ld.sh -fPIC   conftest.c  >&5
% /home/vsc/Yap/Prologs/pl-devel/library/listing compiled into prolog_listing 0.00 sec, 37,800 bytes
% halt
configure:2480: $? = 0
configure:2529: result: yes
configure:2532: checking for C compiler default output file name
configure:2534: result: a.out
configure:2540: checking for suffix of executables
configure:2547: ../../../swipl-ld.sh -o conftest -fPIC   conftest.c  >&5
% /home/vsc/Yap/Prologs/pl-devel/library/listing compiled into prolog_listing 0.00 sec, 37,800 bytes
% halt
configure:2551: $? = 0
configure:2573: result: 
configure:2595: checking whether we are cross compiling
configure:2603: ../../../swipl-ld.sh -o conftest -fPIC   conftest.c  >&5
% /home/vsc/Yap/Prologs/pl-devel/library/listing compiled into prolog_listing 0.00 sec, 37,800 bytes
% halt
configure:2607: $? = 0
configure:2614: ./conftest
configure:2618: $? = 0
configure:2633: result: no
configure:2638: checking for suffix of object files
configure:2660: ../../../swipl-ld.sh -c -fPIC  conftest.c >&5
configure:2664: $? = 0
configure:2685: result: o
configure:2689: checking whether we are using the GNU C compiler
configure:2708: ../../../swipl-ld.sh -c -fPIC  conftest.c >&5
configure:2708: $? = 0
configure:2717: result: yes
configure:2726: checking whether ../../../swipl-ld.sh accepts -g
configure:2746: ../../../swipl-ld.sh -c -g  conftest.c >&5
configure:2746: $? = 0
configure:2787: result: yes
configure:2804: checking for ../../../swipl-ld.sh option to accept ISO C89
configure:2868: ../../../swipl-ld.sh  -c -fPIC  conftest.c >&5
configure:2868: $? = 0
configure:2881: result: none needed
configure:2903: checking for ar
configure:2919: found /usr/bin/ar
configure:2931: result: ar
configure:2982: checking for ranlib
configure:2998: found /usr/bin/ranlib
configure:3009: result: ranlib
configure:3038: checking how to run the C preprocessor
configure:3069: ../../../swipl-ld.sh -E  conftest.c
configure:3069: $? = 0
configure:3083: ../../../swipl-ld.sh -E  conftest.c
conftest.c:9:28: error: ac_nonexistent.h: No such file or directory
gcc -E returned code 256
*** /home/vsc/Yap/Prologs/pl-devel/src/../src/swipl-ld exit status 1
configure:3083: $? = 1
configure: failed program was:
| /* confdefs.h */
| #define PACKAGE_NAME ""
| #define PACKAGE_TARNAME ""
| #define PACKAGE_VERSION ""
| #define PACKAGE_STRING ""
| #define PACKAGE_BUGREPORT ""
| #define PACKAGE_URL ""
| /* end confdefs.h.  */
| #include <ac_nonexistent.h>
configure:3108: result: ../../../swipl-ld.sh -E
configure:3128: ../../../swipl-ld.sh -E  conftest.c
configure:3128: $? = 0
configure:3142: ../../../swipl-ld.sh -E  conftest.c
conftest.c:9:28: error: ac_nonexistent.h: No such file or directory
gcc -E returned code 256
*** /home/vsc/Yap/Prologs/pl-devel/src/../src/swipl-ld exit status 1
configure:3142: $? = 1
configure: failed program was:
| /* confdefs.h */
| #define PACKAGE_NAME ""
| #define PACKAGE_TARNAME ""
| #define PACKAGE_VERSION ""
| #define PACKAGE_STRING ""
| #define PACKAGE_BUGREPORT ""
| #define PACKAGE_URL ""
| /* end confdefs.h.  */
| #include <ac_nonexistent.h>
configure:3171: checking for grep that handles long lines and -e
configure:3229: result: /bin/grep
configure:3234: checking for egrep
configure:3296: result: /bin/grep -E
configure:3301: checking for ANSI C header files
configure:3321: ../../../swipl-ld.sh -c -fPIC  conftest.c >&5
configure:3321: $? = 0
configure:3394: ../../../swipl-ld.sh -o conftest -fPIC   conftest.c  >&5
% /home/vsc/Yap/Prologs/pl-devel/library/listing compiled into prolog_listing 0.01 sec, 37,800 bytes
% halt
configure:3394: $? = 0
configure:3394: ./conftest
configure:3394: $? = 0
configure:3405: result: yes
configure:3418: checking for sys/types.h
configure:3418: ../../../swipl-ld.sh -c -fPIC  conftest.c >&5
configure:3418: $? = 0
configure:3418: result: yes
configure:3418: checking for sys/stat.h
configure:3418: ../../../swipl-ld.sh -c -fPIC  conftest.c >&5
configure:3418: $? = 0
configure:3418: result: yes
configure:3418: checking for stdlib.h
configure:3418: ../../../swipl-ld.sh -c -fPIC  conftest.c >&5
configure:3418: $? = 0
configure:3418: result: yes
configure:3418: checking for string.h
configure:3418: ../../../swipl-ld.sh -c -fPIC  conftest.c >&5
configure:3418: $? = 0
configure:3418: result: yes
configure:3418: checking for memory.h
configure:3418: ../../../swipl-ld.sh -c -fPIC  conftest.c >&5
configure:3418: $? = 0
configure:3418: result: yes
configure:3418: checking for strings.h
configure:3418: ../../../swipl-ld.sh -c -fPIC  conftest.c >&5
configure:3418: $? = 0
configure:3418: result: yes
configure:3418: checking for inttypes.h
configure:3418: ../../../swipl-ld.sh -c -fPIC  conftest.c >&5
configure:3418: $? = 0
configure:3418: result: yes
configure:3418: checking for stdint.h
configure:3418: ../../../swipl-ld.sh -c -fPIC  conftest.c >&5
configure:3418: $? = 0
configure:3418: result: yes
configure:3418: checking for unistd.h
configure:3418: ../../../swipl-ld.sh -c -fPIC  conftest.c >&5
configure:3418: $? = 0
configure:3418: result: yes
configure:3432: checking minix/config.h usability
configure:3432: ../../../swipl-ld.sh -c -fPIC  conftest.c >&5
conftest.c:52:26: error: minix/config.h: No such file or directory
gcc returned code 256
*** /home/vsc/Yap/Prologs/pl-devel/src/../src/swipl-ld exit status 1
configure:3432: $? = 1
configure: failed program was:
| /* confdefs.h */
| #define PACKAGE_NAME ""
| #define PACKAGE_TARNAME ""
| #define PACKAGE_VERSION ""
| #define PACKAGE_STRING ""
| #define PACKAGE_BUGREPORT ""
| #define PACKAGE_URL ""
| #define STDC_HEADERS 1
| #define HAVE_SYS_TYPES_H 1
| #define HAVE_SYS_STAT_H 1
| #define HAVE_STDLIB_H 1
| #define HAVE_STRING_H 1
| #define HAVE_MEMORY_H 1
| #define HAVE_STRINGS_H 1
| #define HAVE_INTTYPES_H 1
| #define HAVE_STDINT_H 1
| #define HAVE_UNISTD_H 1
| /* end confdefs.h.  */
| #include <stdio.h>
| #ifdef HAVE_SYS_TYPES_H
| # include <sys/types.h>
| #endif
| #ifdef HAVE_SYS_STAT_H
| # include <sys/stat.h>
| #endif
| #ifdef STDC_HEADERS
| # include <stdlib.h>
| # include <stddef.h>
| #else
| # ifdef HAVE_STDLIB_H
| #  include <stdlib.h>
| # endif
| #endif
| #ifdef HAVE_STRING_H
| # if !defined STDC_HEADERS && defined HAVE_MEMORY_H
| #  include <memory.h>
| # endif
| # include <string.h>
| #endif
| #ifdef HAVE_STRINGS_H
| # include <strings.h>
| #endif
| #ifdef HAVE_INTTYPES_H
| # include <inttypes.h>
| #endif
| #ifdef HAVE_STDINT_H
| # include <stdint.h>
| #endif
| #ifdef HAVE_UNISTD_H
| # include <unistd.h>
| #endif
| #include <minix/config.h>
configure:3432: result: no
configure:3432: checking minix/config.h presence
configure:3432: ../../../swipl-ld.sh -E  conftest.c
conftest.c:19:26: error: minix/config.h: No such file or directory
gcc -E returned code 256
*** /home/vsc/Yap/Prologs/pl-devel/src/../src/swipl-ld exit status 1
configure:3432: $? = 1
configure: failed program was:
| /* confdefs.h */
| #define PACKAGE_NAME ""
| #define PACKAGE_TARNAME ""
| #define PACKAGE_VERSION ""
| #define PACKAGE_STRING ""
| #define PACKAGE_BUGREPORT ""
| #define PACKAGE_URL ""
| #define STDC_HEADERS 1
| #define HAVE_SYS_TYPES_H 1
| #define HAVE_SYS_STAT_H 1
| #define HAVE_STDLIB_H 1
| #define HAVE_STRING_H 1
| #define HAVE_MEMORY_H 1
| #define HAVE_STRINGS_H 1
| #define HAVE_INTTYPES_H 1
| #define HAVE_STDINT_H 1
| #define HAVE_UNISTD_H 1
| /* end confdefs.h.  */
| #include <minix/config.h>
configure:3432: result: no
configure:3432: checking for minix/config.h
configure:3432: result: no
configure:3453: checking whether it is safe to define __EXTENSIONS__
configure:3471: ../../../swipl-ld.sh -c -fPIC  conftest.c >&5
configure:3471: $? = 0
configure:3478: result: yes
configure:3499: checking for ANSI C header files
configure:3603: result: yes
configure:3612: checking for an ANSI C-conforming const
configure:3677: ../../../swipl-ld.sh -c -fPIC -Wall  conftest.c >&5
conftest.c: In function 'main':
conftest.c:54: warning: 't' is used uninitialized in this function
conftest.c:70: warning: 'b' may be used uninitialized in this function
configure:3677: $? = 0
configure:3684: result: yes
configure:3692: checking for size_t
configure:3692: ../../../swipl-ld.sh -c -fPIC -Wall  conftest.c >&5
configure:3692: $? = 0
configure:3692: ../../../swipl-ld.sh -c -fPIC -Wall  conftest.c >&5
conftest.c: In function 'main':
conftest.c:61: error: expected expression before ')' token
gcc returned code 256
*** /home/vsc/Yap/Prologs/pl-devel/src/../src/swipl-ld exit status 1
configure:3692: $? = 1
configure: failed program was:
| /* confdefs.h */
| #define PACKAGE_NAME ""
| #define PACKAGE_TARNAME ""
| #define PACKAGE_VERSION ""
| #define PACKAGE_STRING ""
| #define PACKAGE_BUGREPORT ""
| #define PACKAGE_URL ""
| #define STDC_HEADERS 1
| #define HAVE_SYS_TYPES_H 1
| #define HAVE_SYS_STAT_H 1
| #define HAVE_STDLIB_H 1
| #define HAVE_STRING_H 1
| #define HAVE_MEMORY_H 1
| #define HAVE_STRINGS_H 1
| #define HAVE_INTTYPES_H 1
| #define HAVE_STDINT_H 1
| #define HAVE_UNISTD_H 1
| #define __EXTENSIONS__ 1
| #define _ALL_SOURCE 1
| #define _GNU_SOURCE 1
| #define _POSIX_PTHREAD_SEMANTICS 1
| #define _TANDEM_SOURCE 1
| #define STDC_HEADERS 1
| /* end confdefs.h.  */
| #include <stdio.h>
| #ifdef HAVE_SYS_TYPES_H
| # include <sys/types.h>
| #endif
| #ifdef HAVE_SYS_STAT_H
| # include <sys/stat.h>
| #endif
| #ifdef STDC_HEADERS
| # include <stdlib.h>
| # include <stddef.h>
| #else
| # ifdef HAVE_STDLIB_H
| #  include <stdlib.h>
| # endif
| #endif
| #ifdef HAVE_STRING_H
| # if !defined STDC_HEADERS && defined HAVE_MEMORY_H
| #  include <memory.h>
| # endif
| # include <string.h>
| #endif
| #ifdef HAVE_STRINGS_H
| # include <strings.h>
| #endif
| #ifdef HAVE_INTTYPES_H
| # include <inttypes.h>
| #endif
| #ifdef HAVE_STDINT_H
| # include <stdint.h>
| #endif
| #ifdef HAVE_UNISTD_H
| # include <unistd.h>
| #endif
| int
| main ()
| {
| if (sizeof ((size_t)))
| 	    return 0;
|   ;
|   return 0;
| }
configure:3692: result: yes
configure:3703: checking whether struct tm is in sys/time.h or time.h
configure:3723: ../../../swipl-ld.sh -c -fPIC -Wall  conftest.c >&5
configure:3723: $? = 0
configure:3730: result: time.h
configure:3743: checking for strcasecmp
configure:3743: ../../../swipl-ld.sh -o conftest -fPIC -Wall   conftest.c  >&5
conftest.c:48: warning: conflicting types for built-in function 'strcasecmp'
% /home/vsc/Yap/Prologs/pl-devel/library/listing compiled into prolog_listing 0.00 sec, 37,800 bytes
% halt
configure:3743: $? = 0
configure:3743: result: yes
configure:3743: checking for strncasecmp
configure:3743: ../../../swipl-ld.sh -o conftest -fPIC -Wall   conftest.c  >&5
conftest.c:49: warning: conflicting types for built-in function 'strncasecmp'
% /home/vsc/Yap/Prologs/pl-devel/library/listing compiled into prolog_listing 0.00 sec, 37,800 bytes
% halt
configure:3743: $? = 0
configure:3743: result: yes
configure:3754: checking how to calculate alternate timezone
configure:3780: ../../../swipl-ld.sh -c -fPIC -Wall  conftest.c >&5
conftest.c: In function 'main':
conftest.c:34: warning: 'main' is normally a non-static function
conftest.c: In function 'main':
conftest.c:36: error: 'altzone' undeclared (first use in this function)
conftest.c:36: error: (Each undeclared identifier is reported only once
conftest.c:36: error: for each function it appears in.)
conftest.c:37: warning: unused variable 'offset'
conftest.c:36: warning: unused variable 't'
gcc returned code 256
*** /home/vsc/Yap/Prologs/pl-devel/src/../src/swipl-ld exit status 1
configure:3780: $? = 1
configure: failed program was:
| /* confdefs.h */
| #define PACKAGE_NAME ""
| #define PACKAGE_TARNAME ""
| #define PACKAGE_VERSION ""
| #define PACKAGE_STRING ""
| #define PACKAGE_BUGREPORT ""
| #define PACKAGE_URL ""
| #define STDC_HEADERS 1
| #define HAVE_SYS_TYPES_H 1
| #define HAVE_SYS_STAT_H 1
| #define HAVE_STDLIB_H 1
| #define HAVE_STRING_H 1
| #define HAVE_MEMORY_H 1
| #define HAVE_STRINGS_H 1
| #define HAVE_INTTYPES_H 1
| #define HAVE_STDINT_H 1
| #define HAVE_UNISTD_H 1
| #define __EXTENSIONS__ 1
| #define _ALL_SOURCE 1
| #define _GNU_SOURCE 1
| #define _POSIX_PTHREAD_SEMANTICS 1
| #define _TANDEM_SOURCE 1
| #define STDC_HEADERS 1
| #define HAVE_STRCASECMP 1
| #define HAVE_STRNCASECMP 1
| /* end confdefs.h.  */
| 
| #include	<time.h>
| 
| int
| main ()
| {
| 
| int main()
| {
| time_t	t=altzone;
| int	offset = -timezone;
| 
| 	return (0);
| }
| 
|   ;
|   return 0;
| }
configure:3804: ../../../swipl-ld.sh -c -fPIC -Wall  conftest.c >&5
conftest.c: In function 'main':
conftest.c:34: warning: 'main' is normally a non-static function
conftest.c: In function 'main':
conftest.c:37: warning: unused variable 'offset'
conftest.c:36: warning: unused variable 'n'
configure:3804: $? = 0
configure:3844: result: daylight
configure:3988: creating ./config.status

## ---------------------- ##
## Running config.status. ##
## ---------------------- ##

This file was extended by config.status, which was
generated by GNU Autoconf 2.65.  Invocation command line was

  CONFIG_FILES    = 
  CONFIG_HEADERS  = 
  CONFIG_LINKS    = 
  CONFIG_COMMANDS = 
  $ ./config.status 

on xato

config.status:811: creating Makefile
config.status:811: creating config.h
config.status:972: config.h is unchanged

## ---------------- ##
## Cache variables. ##
## ---------------- ##

ac_cv_c_compiler_gnu=yes
ac_cv_c_const=yes
ac_cv_env_CC_set=set
ac_cv_env_CC_value=../../../swipl-ld.sh
ac_cv_env_CFLAGS_set=set
ac_cv_env_CFLAGS_value=-fPIC
ac_cv_env_CPPFLAGS_set=
ac_cv_env_CPPFLAGS_value=
ac_cv_env_CPP_set=
ac_cv_env_CPP_value=
ac_cv_env_LDFLAGS_set=set
ac_cv_env_LDFLAGS_value=
ac_cv_env_LIBS_set=
ac_cv_env_LIBS_value=
ac_cv_env_build_alias_set=
ac_cv_env_build_alias_value=
ac_cv_env_host_alias_set=
ac_cv_env_host_alias_value=
ac_cv_env_target_alias_set=
ac_cv_env_target_alias_value=
ac_cv_func_strcasecmp=yes
ac_cv_func_strncasecmp=yes
ac_cv_header_inttypes_h=yes
ac_cv_header_memory_h=yes
ac_cv_header_minix_config_h=no
ac_cv_header_stdc=yes
ac_cv_header_stdint_h=yes
ac_cv_header_stdlib_h=yes
ac_cv_header_string_h=yes
ac_cv_header_strings_h=yes
ac_cv_header_sys_stat_h=yes
ac_cv_header_sys_types_h=yes
ac_cv_header_unistd_h=yes
ac_cv_objext=o
ac_cv_path_EGREP='/bin/grep -E'
ac_cv_path_GREP=/bin/grep
ac_cv_prog_AR=ar
ac_cv_prog_CPP='../../../swipl-ld.sh -E'
ac_cv_prog_ac_ct_CC=../../../swipl-ld.sh
ac_cv_prog_ac_ct_RANLIB=ranlib
ac_cv_prog_cc_c89=
ac_cv_prog_cc_g=yes
ac_cv_safe_to_define___extensions__=yes
ac_cv_struct_tm=time.h
ac_cv_type_size_t=yes
librfc822_cv_SYS_TIMEZONE=daylight

## ----------------- ##
## Output variables. ##
## ----------------- ##

AR='ar'
CC='../../../swipl-ld.sh'
CFLAGS='-fPIC -Wall'
CPP='../../../swipl-ld.sh -E'
CPPFLAGS=''
DEFS='-DHAVE_CONFIG_H'
ECHO_C=''
ECHO_N='-n'
ECHO_T=''
EGREP='/bin/grep -E'
EXEEXT=''
GREP='/bin/grep'
LDFLAGS=''
LIBOBJS=''
LIBS=''
LTLIBOBJS=''
OBJEXT='o'
PACKAGE_BUGREPORT=''
PACKAGE_NAME=''
PACKAGE_STRING=''
PACKAGE_TARNAME=''
PACKAGE_URL=''
PACKAGE_VERSION=''
PATH_SEPARATOR=':'
RANLIB='ranlib'
SHELL='/bin/bash'
ac_ct_CC='../../../swipl-ld.sh'
bindir='${exec_prefix}/bin'
build_alias=''
datadir='${datarootdir}'
datarootdir='${prefix}/share'
docdir='${datarootdir}/doc/${PACKAGE}'
dvidir='${docdir}'
exec_prefix='${prefix}'
host_alias=''
htmldir='${docdir}'
includedir='${prefix}/include'
infodir='${datarootdir}/info'
libdir='${exec_prefix}/lib'
libexecdir='${exec_prefix}/libexec'
localedir='${datarootdir}/locale'
localstatedir='${prefix}/var'
mandir='${datarootdir}/man'
oldincludedir='/usr/include'
pdfdir='${docdir}'
prefix='/usr/local'
program_transform_name='s,x,x,'
psdir='${docdir}'
sbindir='${exec_prefix}/sbin'
sharedstatedir='${prefix}/com'
sysconfdir='${prefix}/etc'
target_alias=''

## ----------- ##
## confdefs.h. ##
## ----------- ##

/* confdefs.h */
#define PACKAGE_NAME ""
#define PACKAGE_TARNAME ""
#define PACKAGE_VERSION ""
#define PACKAGE_STRING ""
#define PACKAGE_BUGREPORT ""
#define PACKAGE_URL ""
#define STDC_HEADERS 1
#define HAVE_SYS_TYPES_H 1
#define HAVE_SYS_STAT_H 1
#define HAVE_STDLIB_H 1
#define HAVE_STRING_H 1
#define HAVE_MEMORY_H 1
#define HAVE_STRINGS_H 1
#define HAVE_INTTYPES_H 1
#define HAVE_STDINT_H 1
#define HAVE_UNISTD_H 1
#define __EXTENSIONS__ 1
#define _ALL_SOURCE 1
#define _GNU_SOURCE 1
#define _POSIX_PTHREAD_SEMANTICS 1
#define _TANDEM_SOURCE 1
#define STDC_HEADERS 1
#define HAVE_STRCASECMP 1
#define HAVE_STRNCASECMP 1
#define USE_TIME_DAYLIGHT 1

configure: exit 0
