This file contains any messages produced by compilers while
running configure, to aid debugging if configure makes a mistake.

It was created by configure, which was
generated by GNU Autoconf 2.64.  Invocation command line was

  $ ./configure --prefix=/home/vsc/Yap/Prologs/pl-devel --prefix=/home/vsc/Yap/Prologs/pl-devel

## --------- ##
## Platform. ##
## --------- ##

hostname = xato
uname -m = x86_64
uname -r = 2.6.32-22-generic
uname -s = Linux
uname -v = #33-Ubuntu SMP Wed Apr 28 13:28:05 UTC 2010

/usr/bin/uname -p = unknown
/bin/uname -X     = unknown

/bin/arch              = unknown
/usr/bin/arch -k       = unknown
/usr/convex/getsysinfo = unknown
/usr/bin/hostinfo      = unknown
/bin/machine           = unknown
/usr/bin/oslevel       = unknown
/bin/universe          = unknown

PATH: /home/vsc/Yap/Prologs/pl-devel/bin
PATH: /home/vsc/bin
PATH: /usr/local/sbin
PATH: /usr/local/bin
PATH: /usr/sbin
PATH: /usr/bin
PATH: /sbin
PATH: /bin
PATH: /usr/games
PATH: /home/vsc/lgtsvn/xml
PATH: /home/vsc/lgtsvn/scripts
PATH: /home/vsc/lgtsvn/integration


## ----------- ##
## Core tests. ##
## ----------- ##

configure:2285: checking for gmake
configure:2312: result: make
configure:2328: checking for etags
configure:2344: found /usr/bin/etags
configure:2355: result: etags
configure:2404: checking for a BSD-compatible install
configure:2472: result: /usr/bin/install -c
configure:2531: checking for gcc
configure:2558: result: ../swipl-ld.sh
configure:2787: checking for C compiler version
configure:2796: ../swipl-ld.sh --version >&5
gcc (Ubuntu 4.4.3-4ubuntu5) 4.4.3
Copyright (C) 2009 Free Software Foundation, Inc.
This is free software; see the source for copying conditions.  There is NO
warranty; not even for MERCHANTABILITY or FITNESS FOR A PARTICULAR PURPOSE.

configure:2807: $? = 0
configure:2796: ../swipl-ld.sh -v >&5
Using built-in specs.
Target: x86_64-linux-gnu
Configured with: ../src/configure -v --with-pkgversion='Ubuntu 4.4.3-4ubuntu5' --with-bugurl=file:///usr/share/doc/gcc-4.4/README.Bugs --enable-languages=c,c++,fortran,objc,obj-c++ --prefix=/usr --enable-shared --enable-multiarch --enable-linker-build-id --with-system-zlib --libexecdir=/usr/lib --without-included-gettext --enable-threads=posix --with-gxx-include-dir=/usr/include/c++/4.4 --program-suffix=-4.4 --enable-nls --enable-clocale=gnu --enable-libstdcxx-debug --enable-plugin --enable-objc-gc --disable-werror --with-arch-32=i486 --with-tune=generic --enable-checking=release --build=x86_64-linux-gnu --host=x86_64-linux-gnu --target=x86_64-linux-gnu
Thread model: posix
gcc version 4.4.3 (Ubuntu 4.4.3-4ubuntu5) 
configure:2807: $? = 0
configure:2796: ../swipl-ld.sh -V >&5
/usr/bin/ld: /usr/lib/debug/usr/lib/crt1.o(.debug_info): relocation 0 has invalid symbol index 11
/usr/bin/ld: /usr/lib/debug/usr/lib/crt1.o(.debug_info): relocation 1 has invalid symbol index 12
/usr/bin/ld: /usr/lib/debug/usr/lib/crt1.o(.debug_info): relocation 2 has invalid symbol index 2
/usr/bin/ld: /usr/lib/debug/usr/lib/crt1.o(.debug_info): relocation 3 has invalid symbol index 2
/usr/bin/ld: /usr/lib/debug/usr/lib/crt1.o(.debug_info): relocation 4 has invalid symbol index 11
/usr/bin/ld: /usr/lib/debug/usr/lib/crt1.o(.debug_info): relocation 5 has invalid symbol index 13
/usr/bin/ld: /usr/lib/debug/usr/lib/crt1.o(.debug_info): relocation 6 has invalid symbol index 13
/usr/bin/ld: /usr/lib/debug/usr/lib/crt1.o(.debug_info): relocation 7 has invalid symbol index 13
/usr/bin/ld: /usr/lib/debug/usr/lib/crt1.o(.debug_info): relocation 8 has invalid symbol index 2
/usr/bin/ld: /usr/lib/debug/usr/lib/crt1.o(.debug_info): relocation 9 has invalid symbol index 2
... rest of stderr output deleted ...
configure:2807: $? = 1
configure:2796: ../swipl-ld.sh -qversion >&5
/usr/bin/ld: /usr/lib/debug/usr/lib/crt1.o(.debug_info): relocation 0 has invalid symbol index 11
/usr/bin/ld: /usr/lib/debug/usr/lib/crt1.o(.debug_info): relocation 1 has invalid symbol index 12
/usr/bin/ld: /usr/lib/debug/usr/lib/crt1.o(.debug_info): relocation 2 has invalid symbol index 2
/usr/bin/ld: /usr/lib/debug/usr/lib/crt1.o(.debug_info): relocation 3 has invalid symbol index 2
/usr/bin/ld: /usr/lib/debug/usr/lib/crt1.o(.debug_info): relocation 4 has invalid symbol index 11
/usr/bin/ld: /usr/lib/debug/usr/lib/crt1.o(.debug_info): relocation 5 has invalid symbol index 13
/usr/bin/ld: /usr/lib/debug/usr/lib/crt1.o(.debug_info): relocation 6 has invalid symbol index 13
/usr/bin/ld: /usr/lib/debug/usr/lib/crt1.o(.debug_info): relocation 7 has invalid symbol index 13
/usr/bin/ld: /usr/lib/debug/usr/lib/crt1.o(.debug_info): relocation 8 has invalid symbol index 2
/usr/bin/ld: /usr/lib/debug/usr/lib/crt1.o(.debug_info): relocation 9 has invalid symbol index 2
... rest of stderr output deleted ...
configure:2807: $? = 1
configure:2829: checking for C compiler default output file name
configure:2851: ../swipl-ld.sh    conftest.c  >&5
% /home/vsc/Yap/Prologs/pl-devel/library/listing compiled into prolog_listing 0.00 sec, 37,800 bytes
% halt
configure:2855: $? = 0
configure:2892: result: a.out
configure:2908: checking whether the C compiler works
configure:2917: ./a.out
configure:2921: $? = 0
configure:2936: result: yes
configure:2943: checking whether we are cross compiling
configure:2945: result: no
configure:2948: checking for suffix of executables
configure:2955: ../swipl-ld.sh -o conftest    conftest.c  >&5
% /home/vsc/Yap/Prologs/pl-devel/library/listing compiled into prolog_listing 0.00 sec, 37,800 bytes
% halt
configure:2959: $? = 0
configure:2981: result: 
configure:2987: checking for suffix of object files
configure:3009: ../swipl-ld.sh -c   conftest.c >&5
configure:3013: $? = 0
configure:3034: result: o
configure:3038: checking whether we are using the GNU C compiler
configure:3057: ../swipl-ld.sh -c   conftest.c >&5
configure:3057: $? = 0
configure:3066: result: yes
configure:3075: checking whether ../swipl-ld.sh accepts -g
configure:3095: ../swipl-ld.sh -c -g  conftest.c >&5
configure:3095: $? = 0
configure:3136: result: yes
configure:3153: checking for ../swipl-ld.sh option to accept ISO C89
configure:3217: ../swipl-ld.sh  -c -g -O2  conftest.c >&5
configure:3217: $? = 0
configure:3230: result: none needed
configure:3251: checking for library containing strerror
configure:3282: ../swipl-ld.sh -o conftest -g -O2   conftest.c  >&5
% /home/vsc/Yap/Prologs/pl-devel/library/listing compiled into prolog_listing 0.00 sec, 37,800 bytes
% halt
configure:3282: $? = 0
configure:3299: result: none required
configure:3312: checking how to run the C preprocessor
configure:3343: ../swipl-ld.sh -E  conftest.c
configure:3343: $? = 0
configure:3357: ../swipl-ld.sh -E  conftest.c
conftest.c:9:28: error: ac_nonexistent.h: No such file or directory
gcc -E returned code 256
*** /home/vsc/Yap/Prologs/pl-devel/src/../src/swipl-ld exit status 1
configure:3357: $? = 1
configure: failed program was:
| /* confdefs.h */
| #define PACKAGE_NAME ""
| #define PACKAGE_TARNAME ""
| #define PACKAGE_VERSION ""
| #define PACKAGE_STRING ""
| #define PACKAGE_BUGREPORT ""
| #define PACKAGE_URL ""
| /* end confdefs.h.  */
| #include <ac_nonexistent.h>
configure:3382: result: ../swipl-ld.sh -E
configure:3402: ../swipl-ld.sh -E  conftest.c
configure:3402: $? = 0
configure:3416: ../swipl-ld.sh -E  conftest.c
conftest.c:9:28: error: ac_nonexistent.h: No such file or directory
gcc -E returned code 256
*** /home/vsc/Yap/Prologs/pl-devel/src/../src/swipl-ld exit status 1
configure:3416: $? = 1
configure: failed program was:
| /* confdefs.h */
| #define PACKAGE_NAME ""
| #define PACKAGE_TARNAME ""
| #define PACKAGE_VERSION ""
| #define PACKAGE_STRING ""
| #define PACKAGE_BUGREPORT ""
| #define PACKAGE_URL ""
| /* end confdefs.h.  */
| #include <ac_nonexistent.h>
configure:3445: checking for grep that handles long lines and -e
configure:3503: result: /bin/grep
configure:3508: checking for egrep
configure:3570: result: /bin/grep -E
configure:3575: checking for ANSI C header files
configure:3595: ../swipl-ld.sh -c -g -O2  conftest.c >&5
configure:3595: $? = 0
configure:3668: ../swipl-ld.sh -o conftest -g -O2   conftest.c  >&5
% /home/vsc/Yap/Prologs/pl-devel/library/listing compiled into prolog_listing 0.01 sec, 37,800 bytes
% halt
configure:3668: $? = 0
configure:3668: ./conftest
configure:3668: $? = 0
configure:3679: result: yes
configure:3693: checking for sys/types.h
configure:3693: ../swipl-ld.sh -c -fPIC  conftest.c >&5
configure:3693: $? = 0
configure:3693: result: yes
configure:3693: checking for sys/stat.h
configure:3693: ../swipl-ld.sh -c -fPIC  conftest.c >&5
configure:3693: $? = 0
configure:3693: result: yes
configure:3693: checking for stdlib.h
configure:3693: ../swipl-ld.sh -c -fPIC  conftest.c >&5
configure:3693: $? = 0
configure:3693: result: yes
configure:3693: checking for string.h
configure:3693: ../swipl-ld.sh -c -fPIC  conftest.c >&5
configure:3693: $? = 0
configure:3693: result: yes
configure:3693: checking for memory.h
configure:3693: ../swipl-ld.sh -c -fPIC  conftest.c >&5
configure:3693: $? = 0
configure:3693: result: yes
configure:3693: checking for strings.h
configure:3693: ../swipl-ld.sh -c -fPIC  conftest.c >&5
configure:3693: $? = 0
configure:3693: result: yes
configure:3693: checking for inttypes.h
configure:3693: ../swipl-ld.sh -c -fPIC  conftest.c >&5
configure:3693: $? = 0
configure:3693: result: yes
configure:3693: checking for stdint.h
configure:3693: ../swipl-ld.sh -c -fPIC  conftest.c >&5
configure:3693: $? = 0
configure:3693: result: yes
configure:3693: checking for unistd.h
configure:3693: ../swipl-ld.sh -c -fPIC  conftest.c >&5
configure:3693: $? = 0
configure:3693: result: yes
configure:3708: checking for working alloca.h
configure:3725: ../swipl-ld.sh -o conftest -fPIC   conftest.c  >&5
% /home/vsc/Yap/Prologs/pl-devel/library/listing compiled into prolog_listing 0.00 sec, 37,800 bytes
% halt
configure:3725: $? = 0
configure:3733: result: yes
configure:3741: checking for alloca
configure:3778: ../swipl-ld.sh -o conftest -fPIC   conftest.c  >&5
% /home/vsc/Yap/Prologs/pl-devel/library/listing compiled into prolog_listing 0.00 sec, 37,800 bytes
% halt
configure:3778: $? = 0
configure:3786: result: yes
configure:3896: checking whether byte ordering is bigendian
configure:3911: ../swipl-ld.sh -c -fPIC  conftest.c >&5
conftest.c:22: error: expected '=', ',', ';', 'asm' or '__attribute__' before 'a'
gcc returned code 256
*** /home/vsc/Yap/Prologs/pl-devel/src/../src/swipl-ld exit status 1
configure:3911: $? = 1
configure: failed program was:
| /* confdefs.h */
| #define PACKAGE_NAME ""
| #define PACKAGE_TARNAME ""
| #define PACKAGE_VERSION ""
| #define PACKAGE_STRING ""
| #define PACKAGE_BUGREPORT ""
| #define PACKAGE_URL ""
| #define STDC_HEADERS 1
| #define HAVE_SYS_TYPES_H 1
| #define HAVE_SYS_STAT_H 1
| #define HAVE_STDLIB_H 1
| #define HAVE_STRING_H 1
| #define HAVE_MEMORY_H 1
| #define HAVE_STRINGS_H 1
| #define HAVE_INTTYPES_H 1
| #define HAVE_STDINT_H 1
| #define HAVE_UNISTD_H 1
| #define HAVE_ALLOCA_H 1
| #define HAVE_ALLOCA 1
| /* end confdefs.h.  */
| #ifndef __APPLE_CC__
| 	       not a universal capable compiler
| 	     #endif
| 	     typedef int dummy;
| 
configure:3956: ../swipl-ld.sh -c -fPIC  conftest.c >&5
configure:3956: $? = 0
configure:3974: ../swipl-ld.sh -c -fPIC  conftest.c >&5
conftest.c: In function 'main':
conftest.c:28: error: 'not' undeclared (first use in this function)
conftest.c:28: error: (Each undeclared identifier is reported only once
conftest.c:28: error: for each function it appears in.)
conftest.c:28: error: expected ';' before 'big'
gcc returned code 256
*** /home/vsc/Yap/Prologs/pl-devel/src/../src/swipl-ld exit status 1
configure:3974: $? = 1
configure: failed program was:
| /* confdefs.h */
| #define PACKAGE_NAME ""
| #define PACKAGE_TARNAME ""
| #define PACKAGE_VERSION ""
| #define PACKAGE_STRING ""
| #define PACKAGE_BUGREPORT ""
| #define PACKAGE_URL ""
| #define STDC_HEADERS 1
| #define HAVE_SYS_TYPES_H 1
| #define HAVE_SYS_STAT_H 1
| #define HAVE_STDLIB_H 1
| #define HAVE_STRING_H 1
| #define HAVE_MEMORY_H 1
| #define HAVE_STRINGS_H 1
| #define HAVE_INTTYPES_H 1
| #define HAVE_STDINT_H 1
| #define HAVE_UNISTD_H 1
| #define HAVE_ALLOCA_H 1
| #define HAVE_ALLOCA 1
| /* end confdefs.h.  */
| #include <sys/types.h>
| 		#include <sys/param.h>
| 
| int
| main ()
| {
| #if BYTE_ORDER != BIG_ENDIAN
| 		 not big endian
| 		#endif
| 
|   ;
|   return 0;
| }
configure:4102: result: no
configure:4131: checking for socket
configure:4131: ../swipl-ld.sh -o conftest -fPIC   conftest.c  >&5
% /home/vsc/Yap/Prologs/pl-devel/library/listing compiled into prolog_listing 0.00 sec, 37,800 bytes
% halt
configure:4131: $? = 0
configure:4131: result: yes
configure:4181: checking for gethostent
configure:4181: ../swipl-ld.sh -o conftest -fPIC   conftest.c  >&5
% /home/vsc/Yap/Prologs/pl-devel/library/listing compiled into prolog_listing 0.00 sec, 37,800 bytes
% halt
configure:4181: $? = 0
configure:4181: result: yes
configure:4233: checking for crypt in -lcrypt
configure:4258: ../swipl-ld.sh -o conftest -fPIC   conftest.c -lcrypt   >&5
% /home/vsc/Yap/Prologs/pl-devel/library/listing compiled into prolog_listing 0.01 sec, 37,800 bytes
% halt
configure:4258: $? = 0
configure:4267: result: yes
configure:4281: checking for crypt
configure:4281: ../swipl-ld.sh -o conftest -fPIC   conftest.c -lcrypt  >&5
% /home/vsc/Yap/Prologs/pl-devel/library/listing compiled into prolog_listing 0.01 sec, 37,800 bytes
% halt
configure:4281: $? = 0
configure:4281: result: yes
configure:4292: checking "Configuring MIME libraries"
configure:4315: result: "Done"
configure:4318: checking h_errno
configure:4337: ../swipl-ld.sh -c -fPIC  conftest.c >&5
configure:4337: $? = 0
configure:4341: result: yes
configure:4352: checking malloc.h usability
configure:4352: ../swipl-ld.sh -c -fPIC  conftest.c >&5
configure:4352: $? = 0
configure:4352: result: yes
configure:4352: checking malloc.h presence
configure:4352: ../swipl-ld.sh -E  conftest.c
configure:4352: $? = 0
configure:4352: result: yes
configure:4352: checking for malloc.h
configure:4352: result: yes
configure:4352: checking alloca.h usability
configure:4352: ../swipl-ld.sh -c -fPIC  conftest.c >&5
configure:4352: $? = 0
configure:4352: result: yes
configure:4352: checking alloca.h presence
configure:4352: ../swipl-ld.sh -E  conftest.c
configure:4352: $? = 0
configure:4352: result: yes
configure:4352: checking for alloca.h
configure:4352: result: yes
configure:4352: checking for unistd.h
configure:4352: result: yes
configure:4352: checking sys/time.h usability
configure:4352: ../swipl-ld.sh -c -fPIC  conftest.c >&5
configure:4352: $? = 0
configure:4352: result: yes
configure:4352: checking sys/time.h presence
configure:4352: ../swipl-ld.sh -E  conftest.c
configure:4352: $? = 0
configure:4352: result: yes
configure:4352: checking for sys/time.h
configure:4352: result: yes
configure:4352: checking fcntl.h usability
configure:4352: ../swipl-ld.sh -c -fPIC  conftest.c >&5
configure:4352: $? = 0
configure:4352: result: yes
configure:4352: checking fcntl.h presence
configure:4352: ../swipl-ld.sh -E  conftest.c
configure:4352: $? = 0
configure:4352: result: yes
configure:4352: checking for fcntl.h
configure:4352: result: yes
configure:4352: checking utime.h usability
configure:4352: ../swipl-ld.sh -c -fPIC  conftest.c >&5
configure:4352: $? = 0
configure:4352: result: yes
configure:4352: checking utime.h presence
configure:4352: ../swipl-ld.sh -E  conftest.c
configure:4352: $? = 0
configure:4352: result: yes
configure:4352: checking for utime.h
configure:4352: result: yes
configure:4366: checking execinfo.h usability
configure:4366: ../swipl-ld.sh -c -fPIC  conftest.c >&5
configure:4366: $? = 0
configure:4366: result: yes
configure:4366: checking execinfo.h presence
configure:4366: ../swipl-ld.sh -E  conftest.c
configure:4366: $? = 0
configure:4366: result: yes
configure:4366: checking for execinfo.h
configure:4366: result: yes
configure:4366: checking sys/resource.h usability
configure:4366: ../swipl-ld.sh -c -fPIC  conftest.c >&5
configure:4366: $? = 0
configure:4366: result: yes
configure:4366: checking sys/resource.h presence
configure:4366: ../swipl-ld.sh -E  conftest.c
configure:4366: $? = 0
configure:4366: result: yes
configure:4366: checking for sys/resource.h
configure:4366: result: yes
configure:4366: checking crypt.h usability
configure:4366: ../swipl-ld.sh -c -fPIC  conftest.c >&5
configure:4366: $? = 0
configure:4366: result: yes
configure:4366: checking crypt.h presence
configure:4366: ../swipl-ld.sh -E  conftest.c
configure:4366: $? = 0
configure:4366: result: yes
configure:4366: checking for crypt.h
configure:4366: result: yes
configure:4380: checking for sys/types.h
configure:4380: result: yes
configure:4380: checking sys/wait.h usability
configure:4380: ../swipl-ld.sh -c -fPIC  conftest.c >&5
configure:4380: $? = 0
configure:4380: result: yes
configure:4380: checking sys/wait.h presence
configure:4380: ../swipl-ld.sh -E  conftest.c
configure:4380: $? = 0
configure:4380: result: yes
configure:4380: checking for sys/wait.h
configure:4380: result: yes
configure:4380: checking for sys/stat.h
configure:4380: result: yes
configure:4393: checking netinet/tcp.h usability
configure:4393: ../swipl-ld.sh -c -fPIC  conftest.c >&5
configure:4393: $? = 0
configure:4393: result: yes
configure:4393: checking netinet/tcp.h presence
configure:4393: ../swipl-ld.sh -E  conftest.c
configure:4393: $? = 0
configure:4393: result: yes
configure:4393: checking for netinet/tcp.h
configure:4393: result: yes
configure:4407: checking for setsid
configure:4407: ../swipl-ld.sh -o conftest -fPIC   conftest.c  >&5
% /home/vsc/Yap/Prologs/pl-devel/library/listing compiled into prolog_listing 0.00 sec, 37,800 bytes
% halt
configure:4407: $? = 0
configure:4407: result: yes
configure:4407: checking for strerror
configure:4407: ../swipl-ld.sh -o conftest -fPIC   conftest.c  >&5
% /home/vsc/Yap/Prologs/pl-devel/library/listing compiled into prolog_listing 0.00 sec, 37,800 bytes
% halt
configure:4407: $? = 0
configure:4407: result: yes
configure:4407: checking for setitimer
configure:4407: ../swipl-ld.sh -o conftest -fPIC   conftest.c  >&5
% /home/vsc/Yap/Prologs/pl-devel/library/listing compiled into prolog_listing 0.00 sec, 37,800 bytes
% halt
configure:4407: $? = 0
configure:4407: result: yes
configure:4407: checking for utime
configure:4407: ../swipl-ld.sh -o conftest -fPIC   conftest.c  >&5
% /home/vsc/Yap/Prologs/pl-devel/library/listing compiled into prolog_listing 0.00 sec, 37,800 bytes
% halt
configure:4407: $? = 0
configure:4407: result: yes
configure:4407: checking for getrlimit
configure:4407: ../swipl-ld.sh -o conftest -fPIC   conftest.c  >&5
% /home/vsc/Yap/Prologs/pl-devel/library/listing compiled into prolog_listing 0.00 sec, 37,800 bytes
% halt
configure:4407: $? = 0
configure:4407: result: yes
configure:4417: checking for socklen_t
configure:4417: ../swipl-ld.sh -c -fPIC  conftest.c >&5
configure:4417: $? = 0
configure:4417: ../swipl-ld.sh -c -fPIC  conftest.c >&5
conftest.c: In function 'main':
conftest.c:50: error: expected expression before ')' token
gcc returned code 256
*** /home/vsc/Yap/Prologs/pl-devel/src/../src/swipl-ld exit status 1
configure:4417: $? = 1
configure: failed program was:
| /* confdefs.h */
| #define PACKAGE_NAME ""
| #define PACKAGE_TARNAME ""
| #define PACKAGE_VERSION ""
| #define PACKAGE_STRING ""
| #define PACKAGE_BUGREPORT ""
| #define PACKAGE_URL ""
| #define STDC_HEADERS 1
| #define HAVE_SYS_TYPES_H 1
| #define HAVE_SYS_STAT_H 1
| #define HAVE_STDLIB_H 1
| #define HAVE_STRING_H 1
| #define HAVE_MEMORY_H 1
| #define HAVE_STRINGS_H 1
| #define HAVE_INTTYPES_H 1
| #define HAVE_STDINT_H 1
| #define HAVE_UNISTD_H 1
| #define HAVE_ALLOCA_H 1
| #define HAVE_ALLOCA 1
| #define HAVE_LIBCRYPT 1
| #define HAVE_CRYPT 1
| #define HAVE_H_ERRNO 1
| #define HAVE_MALLOC_H 1
| #define HAVE_ALLOCA_H 1
| #define HAVE_UNISTD_H 1
| #define HAVE_SYS_TIME_H 1
| #define HAVE_FCNTL_H 1
| #define HAVE_UTIME_H 1
| #define HAVE_EXECINFO_H 1
| #define HAVE_SYS_RESOURCE_H 1
| #define HAVE_CRYPT_H 1
| #define HAVE_SYS_TYPES_H 1
| #define HAVE_SYS_WAIT_H 1
| #define HAVE_SYS_STAT_H 1
| #define HAVE_NETINET_TCP_H 1
| #define HAVE_SETSID 1
| #define HAVE_STRERROR 1
| #define HAVE_SETITIMER 1
| #define HAVE_UTIME 1
| #define HAVE_GETRLIMIT 1
| /* end confdefs.h.  */
| 
| #include <sys/types.h>
| #include <sys/socket.h>
| 
| 
| int
| main ()
| {
| if (sizeof ((socklen_t)))
| 	    return 0;
|   ;
|   return 0;
| }
configure:4417: result: yes
configure:4431: checking for ssize_t
configure:4431: ../swipl-ld.sh -c -fPIC  conftest.c >&5
configure:4431: $? = 0
configure:4431: ../swipl-ld.sh -c -fPIC  conftest.c >&5
conftest.c: In function 'main':
conftest.c:51: error: expected expression before ')' token
gcc returned code 256
*** /home/vsc/Yap/Prologs/pl-devel/src/../src/swipl-ld exit status 1
configure:4431: $? = 1
configure: failed program was:
| /* confdefs.h */
| #define PACKAGE_NAME ""
| #define PACKAGE_TARNAME ""
| #define PACKAGE_VERSION ""
| #define PACKAGE_STRING ""
| #define PACKAGE_BUGREPORT ""
| #define PACKAGE_URL ""
| #define STDC_HEADERS 1
| #define HAVE_SYS_TYPES_H 1
| #define HAVE_SYS_STAT_H 1
| #define HAVE_STDLIB_H 1
| #define HAVE_STRING_H 1
| #define HAVE_MEMORY_H 1
| #define HAVE_STRINGS_H 1
| #define HAVE_INTTYPES_H 1
| #define HAVE_STDINT_H 1
| #define HAVE_UNISTD_H 1
| #define HAVE_ALLOCA_H 1
| #define HAVE_ALLOCA 1
| #define HAVE_LIBCRYPT 1
| #define HAVE_CRYPT 1
| #define HAVE_H_ERRNO 1
| #define HAVE_MALLOC_H 1
| #define HAVE_ALLOCA_H 1
| #define HAVE_UNISTD_H 1
| #define HAVE_SYS_TIME_H 1
| #define HAVE_FCNTL_H 1
| #define HAVE_UTIME_H 1
| #define HAVE_EXECINFO_H 1
| #define HAVE_SYS_RESOURCE_H 1
| #define HAVE_CRYPT_H 1
| #define HAVE_SYS_TYPES_H 1
| #define HAVE_SYS_WAIT_H 1
| #define HAVE_SYS_STAT_H 1
| #define HAVE_NETINET_TCP_H 1
| #define HAVE_SETSID 1
| #define HAVE_STRERROR 1
| #define HAVE_SETITIMER 1
| #define HAVE_UTIME 1
| #define HAVE_GETRLIMIT 1
| #define HAVE_SOCKLEN_T 1
| /* end confdefs.h.  */
| 
| #include <sys/types.h>
| #include <sys/socket.h>
| 
| 
| int
| main ()
| {
| if (sizeof ((ssize_t)))
| 	    return 0;
|   ;
|   return 0;
| }
configure:4431: result: yes
configure:4446: checking _XOPEN_SOURCE
configure:4463: ../swipl-ld.sh -c -fPIC  conftest.c >&5
configure:4463: $? = 0
configure:4467: result: yes
configure:4610: creating ./config.status

## ---------------------- ##
## Running config.status. ##
## ---------------------- ##

This file was extended by config.status, which was
generated by GNU Autoconf 2.64.  Invocation command line was

  CONFIG_FILES    = 
  CONFIG_HEADERS  = 
  CONFIG_LINKS    = 
  CONFIG_COMMANDS = 
  $ ./config.status 

on xato

config.status:846: creating Makefile
config.status:846: creating config.h
config.status:1012: config.h is unchanged

## ---------------- ##
## Cache variables. ##
## ---------------- ##

ac_cv_c_bigendian=no
ac_cv_c_compiler_gnu=yes
ac_cv_env_CC_set=
ac_cv_env_CC_value=
ac_cv_env_CFLAGS_set=
ac_cv_env_CFLAGS_value=
ac_cv_env_CPPFLAGS_set=
ac_cv_env_CPPFLAGS_value=
ac_cv_env_CPP_set=
ac_cv_env_CPP_value=
ac_cv_env_LDFLAGS_set=
ac_cv_env_LDFLAGS_value=
ac_cv_env_LIBS_set=
ac_cv_env_LIBS_value=
ac_cv_env_build_alias_set=
ac_cv_env_build_alias_value=
ac_cv_env_host_alias_set=
ac_cv_env_host_alias_value=
ac_cv_env_target_alias_set=
ac_cv_env_target_alias_value=
ac_cv_func_alloca_works=yes
ac_cv_func_crypt=yes
ac_cv_func_gethostent=yes
ac_cv_func_getrlimit=yes
ac_cv_func_setitimer=yes
ac_cv_func_setsid=yes
ac_cv_func_socket=yes
ac_cv_func_strerror=yes
ac_cv_func_utime=yes
ac_cv_header_alloca_h=yes
ac_cv_header_crypt_h=yes
ac_cv_header_execinfo_h=yes
ac_cv_header_fcntl_h=yes
ac_cv_header_inttypes_h=yes
ac_cv_header_malloc_h=yes
ac_cv_header_memory_h=yes
ac_cv_header_netinet_tcp_h=yes
ac_cv_header_stdc=yes
ac_cv_header_stdint_h=yes
ac_cv_header_stdlib_h=yes
ac_cv_header_string_h=yes
ac_cv_header_strings_h=yes
ac_cv_header_sys_resource_h=yes
ac_cv_header_sys_stat_h=yes
ac_cv_header_sys_time_h=yes
ac_cv_header_sys_types_h=yes
ac_cv_header_sys_wait_h=yes
ac_cv_header_unistd_h=yes
ac_cv_header_utime_h=yes
ac_cv_lib_crypt_crypt=yes
ac_cv_objext=o
ac_cv_path_EGREP='/bin/grep -E'
ac_cv_path_GREP=/bin/grep
ac_cv_prog_CPP='../swipl-ld.sh -E'
ac_cv_prog_ETAGS=etags
ac_cv_prog_MAKE=make
ac_cv_prog_ac_ct_CC=../swipl-ld.sh
ac_cv_prog_cc_c89=
ac_cv_prog_cc_g=yes
ac_cv_search_strerror='none required'
ac_cv_type_socklen_t=yes
ac_cv_type_ssize_t=yes
ac_cv_working_alloca_h=yes

## ----------------- ##
## Output variables. ##
## ----------------- ##

ALLOCA=''
CC='../swipl-ld.sh'
CFLAGS='-fPIC'
CIFLAGS=''
CMFLAGS='-fPIC'
COFLAGS='-O2 -fno-strict-aliasing'
CPP='../swipl-ld.sh -E'
CPPFLAGS=''
CRYPTLIBS='-lcrypt '
CWFLAGS='-Wall'
DEFS='-DHAVE_CONFIG_H'
ECHO_C=''
ECHO_N='-n'
ECHO_T=''
EGREP='/bin/grep -E'
ETAGS='etags'
EXEEXT=''
GREP='/bin/grep'
INSTALL_DATA='/usr/bin/install -c -m 644'
INSTALL_PROGRAM='${INSTALL}'
INSTALL_SCRIPT='${INSTALL}'
LD='../swipl-ld.sh'
LDFLAGS=''
LDSOFLAGS='-shared'
LIBOBJS=''
LIBS=''
LTLIBOBJS=''
MAKE='make'
NETLIBS=''
OBJEXT='o'
PACKAGE_BUGREPORT=''
PACKAGE_NAME=''
PACKAGE_STRING=''
PACKAGE_TARNAME=''
PACKAGE_URL=''
PACKAGE_VERSION=''
PATH_SEPARATOR=':'
PL='../swipl.sh'
PLARCH='x86_64-linux'
PLBASE='/home/vsc/Yap/Prologs/pl-devel/lib/swipl-5.9.11'
PLINCL='/home/vsc/Yap/Prologs/pl-devel/include'
PLLD='../swipl-ld.sh'
PLLIBS='-lgmp -lrt -lreadline -lncurses -lm -lrt -ldl '
PLTARGETS='random.pl unix.pl socket.pl cgi.pl memfile.pl filesex.pl mime.pl crypt.pl time.pl rlimit.pl streampool.pl'
SHELL='/bin/bash'
SO='so'
TARGETS='random.so unix.so socket.so cgi.so memfile.so files.so mime.so crypt.so time.so rlimit.so'
ac_ct_CC='../swipl-ld.sh'
bindir='${exec_prefix}/bin'
build_alias=''
datadir='${datarootdir}'
datarootdir='${prefix}/share'
docdir='${datarootdir}/doc/${PACKAGE}'
dvidir='${docdir}'
exec_prefix='${prefix}'
host_alias=''
htmldir='${docdir}'
includedir='${prefix}/include'
infodir='${datarootdir}/info'
libdir='${exec_prefix}/lib'
libexecdir='${exec_prefix}/libexec'
localedir='${datarootdir}/locale'
localstatedir='${prefix}/var'
mandir='${datarootdir}/man'
oldincludedir='/usr/include'
pdfdir='${docdir}'
prefix='/home/vsc/Yap/Prologs/pl-devel'
program_transform_name='s,x,x,'
psdir='${docdir}'
sbindir='${exec_prefix}/sbin'
sharedstatedir='${prefix}/com'
sysconfdir='${prefix}/etc'
target_alias=''

## ----------- ##
## confdefs.h. ##
## ----------- ##

/* confdefs.h */
#define PACKAGE_NAME ""
#define PACKAGE_TARNAME ""
#define PACKAGE_VERSION ""
#define PACKAGE_STRING ""
#define PACKAGE_BUGREPORT ""
#define PACKAGE_URL ""
#define STDC_HEADERS 1
#define HAVE_SYS_TYPES_H 1
#define HAVE_SYS_STAT_H 1
#define HAVE_STDLIB_H 1
#define HAVE_STRING_H 1
#define HAVE_MEMORY_H 1
#define HAVE_STRINGS_H 1
#define HAVE_INTTYPES_H 1
#define HAVE_STDINT_H 1
#define HAVE_UNISTD_H 1
#define HAVE_ALLOCA_H 1
#define HAVE_ALLOCA 1
#define HAVE_LIBCRYPT 1
#define HAVE_CRYPT 1
#define HAVE_H_ERRNO 1
#define HAVE_MALLOC_H 1
#define HAVE_ALLOCA_H 1
#define HAVE_UNISTD_H 1
#define HAVE_SYS_TIME_H 1
#define HAVE_FCNTL_H 1
#define HAVE_UTIME_H 1
#define HAVE_EXECINFO_H 1
#define HAVE_SYS_RESOURCE_H 1
#define HAVE_CRYPT_H 1
#define HAVE_SYS_TYPES_H 1
#define HAVE_SYS_WAIT_H 1
#define HAVE_SYS_STAT_H 1
#define HAVE_NETINET_TCP_H 1
#define HAVE_SETSID 1
#define HAVE_STRERROR 1
#define HAVE_SETITIMER 1
#define HAVE_UTIME 1
#define HAVE_GETRLIMIT 1
#define HAVE_SOCKLEN_T 1
#define HAVE_SSIZE_T 1
#define DEFINE_XOPEN_SOURCE 1

configure: exit 0
